#
# There is insufficient memory for the Java Runtime Environment to continue.
# Native memory allocation (mmap) failed to map 65011712 bytes for Failed to commit area from 0x00000000d0d00000 to 0x00000000d4b00000 of length 65011712.
# Possible reasons:
#   The system is out of physical RAM or swap space
#   The process is running with CompressedOops enabled, and the Java Heap may be blocking the growth of the native heap
# Possible solutions:
#   Reduce memory load on the system
#   Increase physical memory or swap space
#   Check if swap backing store is full
#   Decrease Java heap size (-Xmx/-Xms)
#   Decrease number of Java threads
#   Decrease Java thread stack sizes (-Xss)
#   Set larger code cache with -XX:ReservedCodeCacheSize=
#   JVM is running with Unscaled Compressed Oops mode in which the Java heap is
#     placed in the first 4GB address space. The Java Heap base address is the
#     maximum limit for the native heap growth. Please use -XX:HeapBaseMinAddress
#     to set the Java Heap base and to place the Java Heap above 4GB virtual address.
# This output file may be truncated or incomplete.
#
#  Out of Memory Error (./src/hotspot/os/windows/os_windows.cpp:3311), pid=16204, tid=16520
#
# JRE version: OpenJDK Runtime Environment 18.9 (11.0.12+7) (build 11.0.12+7-LTS)
# Java VM: OpenJDK 64-Bit Server VM 18.9 (11.0.12+7-LTS, mixed mode, tiered, compressed oops, g1 gc, windows-amd64)
# No core dump will be written. Minidumps are not enabled by default on client versions of Windows
#

---------------  S U M M A R Y ------------

Command Line: -Dfile.encoding=UTF8 -ea -Xmx1024m 

Host: Intel(R) Core(TM) i7-8700 CPU @ 3.20GHz, 12 cores, 31G,  Windows 10 , 64 bit Build 19041 (10.0.19041.1348)
Time: Tue Dec 14 20:37:58 2021 대한민국 표준시 elapsed time: 3.666585 seconds (0d 0h 0m 3s)

---------------  T H R E A D  ---------------

Current thread (0x000001ac8e002800):  VMThread "VM Thread" [stack: 0x000000598c580000,0x000000598c770000] [id=16520]

Stack: [0x000000598c580000,0x000000598c770000]
[error occurred during error reporting (printing stack bounds), id 0xc0000005, EXCEPTION_ACCESS_VIOLATION (0xc0000005) at pc=0x000001ac96dd112d]

Native frames: (J=compiled Java code, j=interpreted, Vv=VM code, C=native code)
C  0x00007fff91641cea
C  0x00007fff917cab4e
C  0x00007fff917cc21f
C  0x00007fff917cc845
C  0x00007fff917cc7fb
C  0x00007fff916411d3
C  0x00007fff916418e8
C  [ntdll.dll+0xa20cf]
C  [ntdll.dll+0x51454]
C  [ntdll.dll+0xa0bfe]
C  0x000001ac96dd112d

VM_Operation (0x00000059879ed320): G1CollectForAllocation, mode: safepoint, requested by thread 0x000001ac8c731000


---------------  P R O C E S S  ---------------

Threads class SMR info:
_java_thread_list=0x000001acac5f6500, length=13, elements={
0x000001ac8c731000, 0x000001ac8c72c800, 0x000001ac8c733000, 0x000001ac8c72d000,
0x000001ac8e0e2800, 0x000001ac8e0df800, 0x000001ac8e0e3800, 0x000001ac8e0e0000,
0x000001ac8e0e1800, 0x000001ac8e0dd800, 0x000001ac8e0de800, 0x000001ac8e0e4000,
0x000001ac8e0e5000
}

Java Threads: ( => current thread )
  0x000001ac8c731000 JavaThread "main" [_thread_blocked, id=1568, stack(0x0000005987800000,0x00000059879f0000)]
  0x000001ac8c72c800 JavaThread "Reference Handler" daemon [_thread_blocked, id=12612, stack(0x000000598c770000,0x000000598c960000)]
  0x000001ac8c733000 JavaThread "Finalizer" daemon [_thread_blocked, id=10352, stack(0x000000598c960000,0x000000598cb50000)]
  0x000001ac8c72d000 JavaThread "Signal Dispatcher" daemon [_thread_blocked, id=16576, stack(0x000000598cb50000,0x000000598cd40000)]
  0x000001ac8e0e2800 JavaThread "Attach Listener" daemon [_thread_blocked, id=12580, stack(0x000000598cd40000,0x000000598cf30000)]
  0x000001ac8e0df800 JavaThread "Service Thread" daemon [_thread_blocked, id=16880, stack(0x000000598cf30000,0x000000598d120000)]
  0x000001ac8e0e3800 JavaThread "C2 CompilerThread0" daemon [_thread_blocked, id=7584, stack(0x000000598d120000,0x000000598d310000)]
  0x000001ac8e0e0000 JavaThread "C1 CompilerThread0" daemon [_thread_blocked, id=6984, stack(0x000000598d310000,0x000000598d500000)]
  0x000001ac8e0e1800 JavaThread "Sweeper thread" daemon [_thread_blocked, id=9700, stack(0x000000598d500000,0x000000598d6f0000)]
  0x000001ac8e0dd800 JavaThread "Common-Cleaner" daemon [_thread_blocked, id=10332, stack(0x000000598d8e0000,0x000000598dad0000)]
  0x000001ac8e0de800 JavaThread "Python Reference Queue" daemon [_thread_blocked, id=5008, stack(0x000000598deb0000,0x000000598e0a0000)]
  0x000001ac8e0e4000 JavaThread "C2 CompilerThread1" daemon [_thread_in_native, id=12684, stack(0x000000598f400000,0x000000598f5f0000)]
  0x000001ac8e0e5000 JavaThread "C2 CompilerThread2" daemon [_thread_blocked, id=12128, stack(0x000000598f5f0000,0x000000598f7e0000)]

Other Threads:
=>0x000001ac8e002800 VMThread "VM Thread" [stack: 0x000000598c580000,0x000000598c770000] [id=16520]
  0x000001acf3baf000 WatcherThread [stack: 0x000000598d6f0000,0x000000598d8e0000] [id=2216]
  0x000001ac8c9dc000 GCTaskThread "GC Thread#0" [stack: 0x000000598bbd0000,0x000000598bdc0000] [id=14312]
  0x000001ac8e70f000 GCTaskThread "GC Thread#1" [stack: 0x000000598e0a0000,0x000000598e290000] [id=9316]
  0x000001ac8e710000 GCTaskThread "GC Thread#2" [stack: 0x000000598e290000,0x000000598e480000] [id=9116]
  0x000001ac8e6fd800 GCTaskThread "GC Thread#3" [stack: 0x000000598e480000,0x000000598e670000] [id=13684]
  0x000001acf3baa800 GCTaskThread "GC Thread#4" [stack: 0x000000598e670000,0x000000598e860000] [id=6292]
  0x000001acf3bad800 GCTaskThread "GC Thread#5" [stack: 0x000000598e860000,0x000000598ea50000] [id=14596]
  0x000001acf3baa000 GCTaskThread "GC Thread#6" [stack: 0x000000598ea50000,0x000000598ec40000] [id=14792]
  0x000001acf3bb1000 GCTaskThread "GC Thread#7" [stack: 0x000000598ec40000,0x000000598ee30000] [id=9240]
  0x000001acf3bb2000 GCTaskThread "GC Thread#8" [stack: 0x000000598ee30000,0x000000598f020000] [id=17052]
  0x000001acf3bb2800 GCTaskThread "GC Thread#9" [stack: 0x000000598f020000,0x000000598f210000] [id=16692]
  0x000001acee47e800 ConcurrentGCThread "G1 Main Marker" [stack: 0x000000598bdc0000,0x000000598bfb0000] [id=12276]
  0x000001ac8da10800 ConcurrentGCThread "G1 Conc#0" [stack: 0x000000598bfb0000,0x000000598c1a0000] [id=13796]
  0x000001acf3bb5800 ConcurrentGCThread "G1 Conc#1" [stack: 0x000000598dad0000,0x000000598dcc0000] [id=13380]
  0x000001acf3bb7000 ConcurrentGCThread "G1 Conc#2" [stack: 0x000000598dcc0000,0x000000598deb0000] [id=744]
  0x000001ac8dcfa800 ConcurrentGCThread "G1 Refine#0" [stack: 0x000000598c1a0000,0x000000598c390000] [id=2572]
  0x000001acad8c1800 ConcurrentGCThread "G1 Refine#1" [stack: 0x000000598f210000,0x000000598f400000] [id=11464]
  0x000001acadafa800 ConcurrentGCThread "G1 Refine#2" [stack: 0x000000598f7e0000,0x000000598f9d0000] [id=4472]
  0x000001acae1cf000 ConcurrentGCThread "G1 Refine#3" [stack: 0x000000598f9d0000,0x000000598fbc0000] [id=14056]
  0x000001acf3bb9000 ConcurrentGCThread "G1 Refine#4" [stack: 0x000000598fbc0000,0x000000598fdb0000] [id=12664]
  0x000001acf3bb8800 ConcurrentGCThread "G1 Refine#5" [stack: 0x000000598fdb0000,0x000000598ffa0000] [id=8432]
  0x000001acf3af7000 ConcurrentGCThread "G1 Young RemSet Sampling" [stack: 0x000000598c390000,0x000000598c580000] [id=7296]

Threads with active compile tasks:
C2 CompilerThread1   3907 2462       4       org.openkoreantext.processor.util.KoreanConjugation$::$anonfun$conjugatePredicated$1 (4900 bytes)

VM state:at safepoint (normal execution)

VM Mutex/Monitor currently owned by a thread:  ([mutex/lock_event])
[0x000001acf117c720] Threads_lock - owner thread: 0x000001ac8e002800
[0x000001acf117d140] Heap_lock - owner thread: 0x000001ac8c731000

Heap address: 0x00000000c0000000, size: 1024 MB, Compressed Oops mode: 32-bit
Narrow klass base: 0x0000000000000000, Narrow klass shift: 3
Compressed class space size: 1073741824 Address: 0x0000000100000000

Heap:
 garbage-first heap   total 338944K, used 95004K [0x00000000c0000000, 0x0000000100000000)
  region size 1024K, 16 young (16384K), 16 survivors (16384K)
 Metaspace       used 16152K, capacity 16546K, committed 16640K, reserved 1062912K
  class space    used 2123K, capacity 2293K, committed 2304K, reserved 1048576K
Heap Regions: E=young(eden), S=young(survivor), O=old, HS=humongous(starts), HC=humongous(continues), CS=collection set, F=free, A=archive, TAMS=top-at-mark-start (previous, next)
|   0|0x00000000c0000000, 0x00000000c00fffb8, 0x00000000c0100000| 99%| O|  |TAMS 0x00000000c00fffb8, 0x00000000c0000000| Untracked 
|   1|0x00000000c0100000, 0x00000000c01fed40, 0x00000000c0200000| 99%| O|  |TAMS 0x00000000c01fed40, 0x00000000c0100000| Untracked 
|   2|0x00000000c0200000, 0x00000000c02ffff0, 0x00000000c0300000| 99%| O|  |TAMS 0x00000000c02ffff0, 0x00000000c0200000| Untracked 
|   3|0x00000000c0300000, 0x00000000c03fffd0, 0x00000000c0400000| 99%| O|  |TAMS 0x00000000c03fffd0, 0x00000000c0300000| Untracked 
|   4|0x00000000c0400000, 0x00000000c04ffff8, 0x00000000c0500000| 99%| O|  |TAMS 0x00000000c04ffff8, 0x00000000c0400000| Untracked 
|   5|0x00000000c0500000, 0x00000000c05ffff8, 0x00000000c0600000| 99%| O|  |TAMS 0x00000000c05ffff8, 0x00000000c0500000| Untracked 
|   6|0x00000000c0600000, 0x00000000c0700000, 0x00000000c0700000|100%| O|  |TAMS 0x00000000c0700000, 0x00000000c0600000| Untracked 
|   7|0x00000000c0700000, 0x00000000c07ca5c0, 0x00000000c0800000| 79%| O|  |TAMS 0x00000000c07ca5c0, 0x00000000c0700000| Untracked 
|   8|0x00000000c0800000, 0x00000000c0900000, 0x00000000c0900000|100%|HS|  |TAMS 0x00000000c0900000, 0x00000000c0800000| Untracked 
|   9|0x00000000c0900000, 0x00000000c0a00000, 0x00000000c0a00000|100%|HS|  |TAMS 0x00000000c0a00000, 0x00000000c0900000| Untracked 
|  10|0x00000000c0a00000, 0x00000000c0afdfd8, 0x00000000c0b00000| 99%| O|  |TAMS 0x00000000c0afdfd8, 0x00000000c0a00000| Untracked 
|  11|0x00000000c0b00000, 0x00000000c0c00000, 0x00000000c0c00000|100%|HS|  |TAMS 0x00000000c0c00000, 0x00000000c0b00000| Complete 
|  12|0x00000000c0c00000, 0x00000000c0d00000, 0x00000000c0d00000|100%|HC|  |TAMS 0x00000000c0d00000, 0x00000000c0c00000| Complete 
|  13|0x00000000c0d00000, 0x00000000c0e00000, 0x00000000c0e00000|100%| O|  |TAMS 0x00000000c0d51600, 0x00000000c0d00000| Untracked 
|  14|0x00000000c0e00000, 0x00000000c0f00000, 0x00000000c0f00000|100%|HS|  |TAMS 0x00000000c0e00000, 0x00000000c0e00000| Complete 
|  15|0x00000000c0f00000, 0x00000000c1000000, 0x00000000c1000000|100%|HC|  |TAMS 0x00000000c0f00000, 0x00000000c0f00000| Complete 
|  16|0x00000000c1000000, 0x00000000c1100000, 0x00000000c1100000|100%| O|  |TAMS 0x00000000c1000000, 0x00000000c1000000| Untracked 
|  17|0x00000000c1100000, 0x00000000c1200000, 0x00000000c1200000|100%|HS|  |TAMS 0x00000000c1100000, 0x00000000c1100000| Complete 
|  18|0x00000000c1200000, 0x00000000c1300000, 0x00000000c1300000|100%|HS|  |TAMS 0x00000000c1200000, 0x00000000c1200000| Complete 
|  19|0x00000000c1300000, 0x00000000c1400000, 0x00000000c1400000|100%|HS|  |TAMS 0x00000000c1300000, 0x00000000c1300000| Complete 
|  20|0x00000000c1400000, 0x00000000c1500000, 0x00000000c1500000|100%|HS|  |TAMS 0x00000000c1400000, 0x00000000c1400000| Complete 
|  21|0x00000000c1500000, 0x00000000c1600000, 0x00000000c1600000|100%|HS|  |TAMS 0x00000000c1500000, 0x00000000c1500000| Complete 
|  22|0x00000000c1600000, 0x00000000c1700000, 0x00000000c1700000|100%|HC|  |TAMS 0x00000000c1600000, 0x00000000c1600000| Complete 
|  23|0x00000000c1700000, 0x00000000c1800000, 0x00000000c1800000|100%|HS|  |TAMS 0x00000000c1700000, 0x00000000c1700000| Complete 
|  24|0x00000000c1800000, 0x00000000c1900000, 0x00000000c1900000|100%|HC|  |TAMS 0x00000000c1800000, 0x00000000c1800000| Complete 
|  25|0x00000000c1900000, 0x00000000c1a00000, 0x00000000c1a00000|100%|HS|  |TAMS 0x00000000c1900000, 0x00000000c1900000| Complete 
|  26|0x00000000c1a00000, 0x00000000c1b00000, 0x00000000c1b00000|100%|HS|  |TAMS 0x00000000c1a00000, 0x00000000c1a00000| Complete 
|  27|0x00000000c1b00000, 0x00000000c1c00000, 0x00000000c1c00000|100%|HS|  |TAMS 0x00000000c1b00000, 0x00000000c1b00000| Complete 
|  28|0x00000000c1c00000, 0x00000000c1d00000, 0x00000000c1d00000|100%|HC|  |TAMS 0x00000000c1c00000, 0x00000000c1c00000| Complete 
|  29|0x00000000c1d00000, 0x00000000c1e00000, 0x00000000c1e00000|100%|HS|  |TAMS 0x00000000c1d00000, 0x00000000c1d00000| Complete 
|  30|0x00000000c1e00000, 0x00000000c1f00000, 0x00000000c1f00000|100%|HC|  |TAMS 0x00000000c1e00000, 0x00000000c1e00000| Complete 
|  31|0x00000000c1f00000, 0x00000000c2000000, 0x00000000c2000000|100%|HS|  |TAMS 0x00000000c1f00000, 0x00000000c1f00000| Complete 
|  32|0x00000000c2000000, 0x00000000c2100000, 0x00000000c2100000|100%| O|  |TAMS 0x00000000c2000000, 0x00000000c2000000| Untracked 
|  33|0x00000000c2100000, 0x00000000c2200000, 0x00000000c2200000|100%| O|  |TAMS 0x00000000c2100000, 0x00000000c2100000| Untracked 
|  34|0x00000000c2200000, 0x00000000c2300000, 0x00000000c2300000|100%| O|  |TAMS 0x00000000c2200000, 0x00000000c2200000| Untracked 
|  35|0x00000000c2300000, 0x00000000c2400000, 0x00000000c2400000|100%| O|  |TAMS 0x00000000c2300000, 0x00000000c2300000| Untracked 
|  36|0x00000000c2400000, 0x00000000c2500000, 0x00000000c2500000|100%| O|  |TAMS 0x00000000c2400000, 0x00000000c2400000| Untracked 
|  37|0x00000000c2500000, 0x00000000c2600000, 0x00000000c2600000|100%| O|  |TAMS 0x00000000c2500000, 0x00000000c2500000| Untracked 
|  38|0x00000000c2600000, 0x00000000c2700000, 0x00000000c2700000|100%| O|  |TAMS 0x00000000c2600000, 0x00000000c2600000| Untracked 
|  39|0x00000000c2700000, 0x00000000c2800000, 0x00000000c2800000|100%| O|  |TAMS 0x00000000c2700000, 0x00000000c2700000| Untracked 
|  40|0x00000000c2800000, 0x00000000c2900000, 0x00000000c2900000|100%| O|  |TAMS 0x00000000c2800000, 0x00000000c2800000| Untracked 
|  41|0x00000000c2900000, 0x00000000c2a00000, 0x00000000c2a00000|100%| O|  |TAMS 0x00000000c2900000, 0x00000000c2900000| Untracked 
|  42|0x00000000c2a00000, 0x00000000c2b00000, 0x00000000c2b00000|100%| O|  |TAMS 0x00000000c2a00000, 0x00000000c2a00000| Untracked 
|  43|0x00000000c2b00000, 0x00000000c2c00000, 0x00000000c2c00000|100%| O|  |TAMS 0x00000000c2b00000, 0x00000000c2b00000| Untracked 
|  44|0x00000000c2c00000, 0x00000000c2d00000, 0x00000000c2d00000|100%| O|  |TAMS 0x00000000c2c00000, 0x00000000c2c00000| Untracked 
|  45|0x00000000c2d00000, 0x00000000c2e00000, 0x00000000c2e00000|100%| O|  |TAMS 0x00000000c2d00000, 0x00000000c2d00000| Untracked 
|  46|0x00000000c2e00000, 0x00000000c2f00000, 0x00000000c2f00000|100%| O|  |TAMS 0x00000000c2e00000, 0x00000000c2e00000| Untracked 
|  47|0x00000000c2f00000, 0x00000000c3000000, 0x00000000c3000000|100%| O|  |TAMS 0x00000000c2f00000, 0x00000000c2f00000| Untracked 
|  48|0x00000000c3000000, 0x00000000c3100000, 0x00000000c3100000|100%| O|  |TAMS 0x00000000c3000000, 0x00000000c3000000| Untracked 
|  49|0x00000000c3100000, 0x00000000c3200000, 0x00000000c3200000|100%| O|  |TAMS 0x00000000c3100000, 0x00000000c3100000| Untracked 
|  50|0x00000000c3200000, 0x00000000c3300000, 0x00000000c3300000|100%| O|  |TAMS 0x00000000c3200000, 0x00000000c3200000| Untracked 
|  51|0x00000000c3300000, 0x00000000c3400000, 0x00000000c3400000|100%| O|  |TAMS 0x00000000c3300000, 0x00000000c3300000| Untracked 
|  52|0x00000000c3400000, 0x00000000c3500000, 0x00000000c3500000|100%| O|  |TAMS 0x00000000c3400000, 0x00000000c3400000| Untracked 
|  53|0x00000000c3500000, 0x00000000c3600000, 0x00000000c3600000|100%| O|  |TAMS 0x00000000c3500000, 0x00000000c3500000| Untracked 
|  54|0x00000000c3600000, 0x00000000c3700000, 0x00000000c3700000|100%| O|  |TAMS 0x00000000c3600000, 0x00000000c3600000| Untracked 
|  55|0x00000000c3700000, 0x00000000c3800000, 0x00000000c3800000|100%| O|  |TAMS 0x00000000c3700000, 0x00000000c3700000| Untracked 
|  56|0x00000000c3800000, 0x00000000c3900000, 0x00000000c3900000|100%| O|  |TAMS 0x00000000c3800000, 0x00000000c3800000| Untracked 
|  57|0x00000000c3900000, 0x00000000c3a00000, 0x00000000c3a00000|100%| O|  |TAMS 0x00000000c3900000, 0x00000000c3900000| Untracked 
|  58|0x00000000c3a00000, 0x00000000c3b00000, 0x00000000c3b00000|100%| O|  |TAMS 0x00000000c3a00000, 0x00000000c3a00000| Untracked 
|  59|0x00000000c3b00000, 0x00000000c3c00000, 0x00000000c3c00000|100%| O|  |TAMS 0x00000000c3b00000, 0x00000000c3b00000| Untracked 
|  60|0x00000000c3c00000, 0x00000000c3d00000, 0x00000000c3d00000|100%| O|  |TAMS 0x00000000c3c00000, 0x00000000c3c00000| Untracked 
|  61|0x00000000c3d00000, 0x00000000c3e00000, 0x00000000c3e00000|100%| O|  |TAMS 0x00000000c3d00000, 0x00000000c3d00000| Untracked 
|  62|0x00000000c3e00000, 0x00000000c3f00000, 0x00000000c3f00000|100%| O|  |TAMS 0x00000000c3e00000, 0x00000000c3e00000| Untracked 
|  63|0x00000000c3f00000, 0x00000000c4000000, 0x00000000c4000000|100%| O|  |TAMS 0x00000000c3f00000, 0x00000000c3f00000| Untracked 
|  64|0x00000000c4000000, 0x00000000c4100000, 0x00000000c4100000|100%| O|  |TAMS 0x00000000c4000000, 0x00000000c4000000| Untracked 
|  65|0x00000000c4100000, 0x00000000c4200000, 0x00000000c4200000|100%| O|  |TAMS 0x00000000c4100000, 0x00000000c4100000| Untracked 
|  66|0x00000000c4200000, 0x00000000c4300000, 0x00000000c4300000|100%| O|  |TAMS 0x00000000c4200000, 0x00000000c4200000| Untracked 
|  67|0x00000000c4300000, 0x00000000c4400000, 0x00000000c4400000|100%| O|  |TAMS 0x00000000c4300000, 0x00000000c4300000| Untracked 
|  68|0x00000000c4400000, 0x00000000c4500000, 0x00000000c4500000|100%| O|  |TAMS 0x00000000c4400000, 0x00000000c4400000| Untracked 
|  69|0x00000000c4500000, 0x00000000c4600000, 0x00000000c4600000|100%| O|  |TAMS 0x00000000c4500000, 0x00000000c4500000| Untracked 
|  70|0x00000000c4600000, 0x00000000c4700000, 0x00000000c4700000|100%| O|  |TAMS 0x00000000c4600000, 0x00000000c4600000| Untracked 
|  71|0x00000000c4700000, 0x00000000c4800000, 0x00000000c4800000|100%| O|  |TAMS 0x00000000c4700000, 0x00000000c4700000| Untracked 
|  72|0x00000000c4800000, 0x00000000c4900000, 0x00000000c4900000|100%| O|  |TAMS 0x00000000c4800000, 0x00000000c4800000| Untracked 
|  73|0x00000000c4900000, 0x00000000c4a00000, 0x00000000c4a00000|100%| O|  |TAMS 0x00000000c4900000, 0x00000000c4900000| Untracked 
|  74|0x00000000c4a00000, 0x00000000c4b00000, 0x00000000c4b00000|100%| O|  |TAMS 0x00000000c4a00000, 0x00000000c4a00000| Untracked 
|  75|0x00000000c4b00000, 0x00000000c4c00000, 0x00000000c4c00000|100%| O|  |TAMS 0x00000000c4b00000, 0x00000000c4b00000| Untracked 
|  76|0x00000000c4c00000, 0x00000000c4d00000, 0x00000000c4d00000|100%| O|  |TAMS 0x00000000c4c00000, 0x00000000c4c00000| Untracked 
|  77|0x00000000c4d00000, 0x00000000c4d80000, 0x00000000c4e00000| 50%| O|  |TAMS 0x00000000c4d00000, 0x00000000c4d00000| Untracked 
|  78|0x00000000c4e00000, 0x00000000c4e00000, 0x00000000c4f00000|  0%| F|  |TAMS 0x00000000c4e00000, 0x00000000c4e00000| Untracked 
|  79|0x00000000c4f00000, 0x00000000c4f00000, 0x00000000c5000000|  0%| F|  |TAMS 0x00000000c4f00000, 0x00000000c4f00000| Untracked 
|  80|0x00000000c5000000, 0x00000000c5000000, 0x00000000c5100000|  0%| F|  |TAMS 0x00000000c5000000, 0x00000000c5000000| Untracked 
|  81|0x00000000c5100000, 0x00000000c5100000, 0x00000000c5200000|  0%| F|  |TAMS 0x00000000c5100000, 0x00000000c5100000| Untracked 
|  82|0x00000000c5200000, 0x00000000c5200000, 0x00000000c5300000|  0%| F|  |TAMS 0x00000000c5200000, 0x00000000c5200000| Untracked 
|  83|0x00000000c5300000, 0x00000000c5300000, 0x00000000c5400000|  0%| F|  |TAMS 0x00000000c5300000, 0x00000000c5300000| Untracked 
|  84|0x00000000c5400000, 0x00000000c5400000, 0x00000000c5500000|  0%| F|  |TAMS 0x00000000c5400000, 0x00000000c5400000| Untracked 
|  85|0x00000000c5500000, 0x00000000c5500000, 0x00000000c5600000|  0%| F|  |TAMS 0x00000000c5500000, 0x00000000c5500000| Untracked 
|  86|0x00000000c5600000, 0x00000000c5600000, 0x00000000c5700000|  0%| F|  |TAMS 0x00000000c5600000, 0x00000000c5600000| Untracked 
|  87|0x00000000c5700000, 0x00000000c5700000, 0x00000000c5800000|  0%| F|  |TAMS 0x00000000c5700000, 0x00000000c5700000| Untracked 
|  88|0x00000000c5800000, 0x00000000c5800000, 0x00000000c5900000|  0%| F|  |TAMS 0x00000000c5800000, 0x00000000c5800000| Untracked 
|  89|0x00000000c5900000, 0x00000000c5900000, 0x00000000c5a00000|  0%| F|  |TAMS 0x00000000c5900000, 0x00000000c5900000| Untracked 
|  90|0x00000000c5a00000, 0x00000000c5a00000, 0x00000000c5b00000|  0%| F|  |TAMS 0x00000000c5a00000, 0x00000000c5a00000| Untracked 
|  91|0x00000000c5b00000, 0x00000000c5b00000, 0x00000000c5c00000|  0%| F|  |TAMS 0x00000000c5b00000, 0x00000000c5b00000| Untracked 
|  92|0x00000000c5c00000, 0x00000000c5c00000, 0x00000000c5d00000|  0%| F|  |TAMS 0x00000000c5c00000, 0x00000000c5c00000| Untracked 
|  93|0x00000000c5d00000, 0x00000000c5d00000, 0x00000000c5e00000|  0%| F|  |TAMS 0x00000000c5d00000, 0x00000000c5d00000| Untracked 
|  94|0x00000000c5e00000, 0x00000000c5e00000, 0x00000000c5f00000|  0%| F|  |TAMS 0x00000000c5e00000, 0x00000000c5e00000| Untracked 
|  95|0x00000000c5f00000, 0x00000000c5f00000, 0x00000000c6000000|  0%| F|  |TAMS 0x00000000c5f00000, 0x00000000c5f00000| Untracked 
|  96|0x00000000c6000000, 0x00000000c6000000, 0x00000000c6100000|  0%| F|  |TAMS 0x00000000c6000000, 0x00000000c6000000| Untracked 
|  97|0x00000000c6100000, 0x00000000c6100000, 0x00000000c6200000|  0%| F|  |TAMS 0x00000000c6100000, 0x00000000c6100000| Untracked 
|  98|0x00000000c6200000, 0x00000000c6200000, 0x00000000c6300000|  0%| F|  |TAMS 0x00000000c6200000, 0x00000000c6200000| Untracked 
|  99|0x00000000c6300000, 0x00000000c6300000, 0x00000000c6400000|  0%| F|  |TAMS 0x00000000c6300000, 0x00000000c6300000| Untracked 
| 100|0x00000000c6400000, 0x00000000c6400000, 0x00000000c6500000|  0%| F|  |TAMS 0x00000000c6400000, 0x00000000c6400000| Untracked 
| 101|0x00000000c6500000, 0x00000000c6500000, 0x00000000c6600000|  0%| F|  |TAMS 0x00000000c6500000, 0x00000000c6500000| Untracked 
| 102|0x00000000c6600000, 0x00000000c6600000, 0x00000000c6700000|  0%| F|  |TAMS 0x00000000c6600000, 0x00000000c6600000| Untracked 
| 103|0x00000000c6700000, 0x00000000c6700000, 0x00000000c6800000|  0%| F|  |TAMS 0x00000000c6700000, 0x00000000c6700000| Untracked 
| 104|0x00000000c6800000, 0x00000000c6800000, 0x00000000c6900000|  0%| F|  |TAMS 0x00000000c6800000, 0x00000000c6800000| Untracked 
| 105|0x00000000c6900000, 0x00000000c6900000, 0x00000000c6a00000|  0%| F|  |TAMS 0x00000000c6900000, 0x00000000c6900000| Untracked 
| 106|0x00000000c6a00000, 0x00000000c6a00000, 0x00000000c6b00000|  0%| F|  |TAMS 0x00000000c6a00000, 0x00000000c6a00000| Untracked 
| 107|0x00000000c6b00000, 0x00000000c6b00000, 0x00000000c6c00000|  0%| F|  |TAMS 0x00000000c6b00000, 0x00000000c6b00000| Untracked 
| 108|0x00000000c6c00000, 0x00000000c6c80000, 0x00000000c6d00000| 50%| S|CS|TAMS 0x00000000c6c00000, 0x00000000c6c00000| Complete 
| 109|0x00000000c6d00000, 0x00000000c6e00000, 0x00000000c6e00000|100%| S|CS|TAMS 0x00000000c6d00000, 0x00000000c6d00000| Complete 
| 110|0x00000000c6e00000, 0x00000000c6f00000, 0x00000000c6f00000|100%| S|CS|TAMS 0x00000000c6e00000, 0x00000000c6e00000| Complete 
| 111|0x00000000c6f00000, 0x00000000c7000000, 0x00000000c7000000|100%| S|CS|TAMS 0x00000000c6f00000, 0x00000000c6f00000| Complete 
| 112|0x00000000c7000000, 0x00000000c7100000, 0x00000000c7100000|100%| S|CS|TAMS 0x00000000c7000000, 0x00000000c7000000| Complete 
| 113|0x00000000c7100000, 0x00000000c7100000, 0x00000000c7200000|  0%| F|  |TAMS 0x00000000c7100000, 0x00000000c7100000| Untracked 
| 114|0x00000000c7200000, 0x00000000c7200000, 0x00000000c7300000|  0%| F|  |TAMS 0x00000000c7200000, 0x00000000c7200000| Untracked 
| 115|0x00000000c7300000, 0x00000000c7300000, 0x00000000c7400000|  0%| F|  |TAMS 0x00000000c7300000, 0x00000000c7300000| Untracked 
| 116|0x00000000c7400000, 0x00000000c7400000, 0x00000000c7500000|  0%| F|  |TAMS 0x00000000c7400000, 0x00000000c7400000| Untracked 
| 117|0x00000000c7500000, 0x00000000c7500000, 0x00000000c7600000|  0%| F|  |TAMS 0x00000000c7500000, 0x00000000c7500000| Untracked 
| 118|0x00000000c7600000, 0x00000000c7600000, 0x00000000c7700000|  0%| F|  |TAMS 0x00000000c7600000, 0x00000000c7600000| Untracked 
| 119|0x00000000c7700000, 0x00000000c7700000, 0x00000000c7800000|  0%| F|  |TAMS 0x00000000c7700000, 0x00000000c7700000| Untracked 
| 120|0x00000000c7800000, 0x00000000c7800000, 0x00000000c7900000|  0%| F|  |TAMS 0x00000000c7800000, 0x00000000c7800000| Untracked 
| 121|0x00000000c7900000, 0x00000000c7900000, 0x00000000c7a00000|  0%| F|  |TAMS 0x00000000c7900000, 0x00000000c7900000| Untracked 
| 122|0x00000000c7a00000, 0x00000000c7a00000, 0x00000000c7b00000|  0%| F|  |TAMS 0x00000000c7a00000, 0x00000000c7a00000| Untracked 
| 123|0x00000000c7b00000, 0x00000000c7b00000, 0x00000000c7c00000|  0%| F|  |TAMS 0x00000000c7b00000, 0x00000000c7b00000| Untracked 
| 124|0x00000000c7c00000, 0x00000000c7c00000, 0x00000000c7d00000|  0%| F|  |TAMS 0x00000000c7c00000, 0x00000000c7c00000| Untracked 
| 125|0x00000000c7d00000, 0x00000000c7d00000, 0x00000000c7e00000|  0%| F|  |TAMS 0x00000000c7d00000, 0x00000000c7d00000| Untracked 
| 126|0x00000000c7e00000, 0x00000000c7e00000, 0x00000000c7f00000|  0%| F|  |TAMS 0x00000000c7e00000, 0x00000000c7e00000| Untracked 
| 127|0x00000000c7f00000, 0x00000000c7f00000, 0x00000000c8000000|  0%| F|  |TAMS 0x00000000c7f00000, 0x00000000c7f00000| Untracked 
| 128|0x00000000c8000000, 0x00000000c8000000, 0x00000000c8100000|  0%| F|  |TAMS 0x00000000c8000000, 0x00000000c8000000| Untracked 
| 129|0x00000000c8100000, 0x00000000c8100000, 0x00000000c8200000|  0%| F|  |TAMS 0x00000000c8100000, 0x00000000c8100000| Untracked 
| 130|0x00000000c8200000, 0x00000000c8300000, 0x00000000c8300000|100%| S|CS|TAMS 0x00000000c8200000, 0x00000000c8200000| Complete 
| 131|0x00000000c8300000, 0x00000000c8400000, 0x00000000c8400000|100%| S|CS|TAMS 0x00000000c8300000, 0x00000000c8300000| Complete 
| 132|0x00000000c8400000, 0x00000000c8500000, 0x00000000c8500000|100%| S|CS|TAMS 0x00000000c8400000, 0x00000000c8400000| Complete 
| 133|0x00000000c8500000, 0x00000000c8600000, 0x00000000c8600000|100%| S|CS|TAMS 0x00000000c8500000, 0x00000000c8500000| Complete 
| 134|0x00000000c8600000, 0x00000000c8700000, 0x00000000c8700000|100%| S|CS|TAMS 0x00000000c8600000, 0x00000000c8600000| Complete 
| 135|0x00000000c8700000, 0x00000000c8800000, 0x00000000c8800000|100%| S|CS|TAMS 0x00000000c8700000, 0x00000000c8700000| Complete 
| 136|0x00000000c8800000, 0x00000000c8900000, 0x00000000c8900000|100%| S|CS|TAMS 0x00000000c8800000, 0x00000000c8800000| Complete 
| 137|0x00000000c8900000, 0x00000000c8a00000, 0x00000000c8a00000|100%| S|CS|TAMS 0x00000000c8900000, 0x00000000c8900000| Complete 
| 138|0x00000000c8a00000, 0x00000000c8b00000, 0x00000000c8b00000|100%| S|CS|TAMS 0x00000000c8a00000, 0x00000000c8a00000| Complete 
| 139|0x00000000c8b00000, 0x00000000c8c00000, 0x00000000c8c00000|100%| S|CS|TAMS 0x00000000c8b00000, 0x00000000c8b00000| Complete 
| 140|0x00000000c8c00000, 0x00000000c8d00000, 0x00000000c8d00000|100%| S|CS|TAMS 0x00000000c8c00000, 0x00000000c8c00000| Complete 
| 141|0x00000000c8d00000, 0x00000000c8d00000, 0x00000000c8e00000|  0%| F|  |TAMS 0x00000000c8d00000, 0x00000000c8d00000| Untracked 
| 142|0x00000000c8e00000, 0x00000000c8e00000, 0x00000000c8f00000|  0%| F|  |TAMS 0x00000000c8e00000, 0x00000000c8e00000| Untracked 
| 143|0x00000000c8f00000, 0x00000000c8f00000, 0x00000000c9000000|  0%| F|  |TAMS 0x00000000c8f00000, 0x00000000c8f00000| Untracked 
| 144|0x00000000c9000000, 0x00000000c9000000, 0x00000000c9100000|  0%| F|  |TAMS 0x00000000c9000000, 0x00000000c9000000| Untracked 
| 145|0x00000000c9100000, 0x00000000c9100000, 0x00000000c9200000|  0%| F|  |TAMS 0x00000000c9100000, 0x00000000c9100000| Untracked 
| 146|0x00000000c9200000, 0x00000000c9200000, 0x00000000c9300000|  0%| F|  |TAMS 0x00000000c9200000, 0x00000000c9200000| Untracked 
| 147|0x00000000c9300000, 0x00000000c9300000, 0x00000000c9400000|  0%| F|  |TAMS 0x00000000c9300000, 0x00000000c9300000| Untracked 
| 148|0x00000000c9400000, 0x00000000c9400000, 0x00000000c9500000|  0%| F|  |TAMS 0x00000000c9400000, 0x00000000c9400000| Untracked 
| 149|0x00000000c9500000, 0x00000000c9500000, 0x00000000c9600000|  0%| F|  |TAMS 0x00000000c9500000, 0x00000000c9500000| Untracked 
| 150|0x00000000c9600000, 0x00000000c9600000, 0x00000000c9700000|  0%| F|  |TAMS 0x00000000c9600000, 0x00000000c9600000| Untracked 
| 151|0x00000000c9700000, 0x00000000c9700000, 0x00000000c9800000|  0%| F|  |TAMS 0x00000000c9700000, 0x00000000c9700000| Untracked 
| 152|0x00000000c9800000, 0x00000000c9800000, 0x00000000c9900000|  0%| F|  |TAMS 0x00000000c9800000, 0x00000000c9800000| Untracked 
| 153|0x00000000c9900000, 0x00000000c9900000, 0x00000000c9a00000|  0%| F|  |TAMS 0x00000000c9900000, 0x00000000c9900000| Untracked 
| 154|0x00000000c9a00000, 0x00000000c9a00000, 0x00000000c9b00000|  0%| F|  |TAMS 0x00000000c9a00000, 0x00000000c9a00000| Untracked 
| 155|0x00000000c9b00000, 0x00000000c9b00000, 0x00000000c9c00000|  0%| F|  |TAMS 0x00000000c9b00000, 0x00000000c9b00000| Untracked 
| 156|0x00000000c9c00000, 0x00000000c9c00000, 0x00000000c9d00000|  0%| F|  |TAMS 0x00000000c9c00000, 0x00000000c9c00000| Untracked 
| 157|0x00000000c9d00000, 0x00000000c9d00000, 0x00000000c9e00000|  0%| F|  |TAMS 0x00000000c9d00000, 0x00000000c9d00000| Untracked 
| 158|0x00000000c9e00000, 0x00000000c9e00000, 0x00000000c9f00000|  0%| F|  |TAMS 0x00000000c9e00000, 0x00000000c9e00000| Untracked 
| 159|0x00000000c9f00000, 0x00000000c9f00000, 0x00000000ca000000|  0%| F|  |TAMS 0x00000000c9f00000, 0x00000000c9f00000| Untracked 
| 160|0x00000000ca000000, 0x00000000ca000000, 0x00000000ca100000|  0%| F|  |TAMS 0x00000000ca000000, 0x00000000ca000000| Untracked 
| 161|0x00000000ca100000, 0x00000000ca100000, 0x00000000ca200000|  0%| F|  |TAMS 0x00000000ca100000, 0x00000000ca100000| Untracked 
| 162|0x00000000ca200000, 0x00000000ca200000, 0x00000000ca300000|  0%| F|  |TAMS 0x00000000ca200000, 0x00000000ca200000| Untracked 
| 163|0x00000000ca300000, 0x00000000ca300000, 0x00000000ca400000|  0%| F|  |TAMS 0x00000000ca300000, 0x00000000ca300000| Untracked 
| 164|0x00000000ca400000, 0x00000000ca400000, 0x00000000ca500000|  0%| F|  |TAMS 0x00000000ca400000, 0x00000000ca400000| Untracked 
| 165|0x00000000ca500000, 0x00000000ca500000, 0x00000000ca600000|  0%| F|  |TAMS 0x00000000ca500000, 0x00000000ca500000| Untracked 
| 166|0x00000000ca600000, 0x00000000ca600000, 0x00000000ca700000|  0%| F|  |TAMS 0x00000000ca600000, 0x00000000ca600000| Untracked 
| 167|0x00000000ca700000, 0x00000000ca700000, 0x00000000ca800000|  0%| F|  |TAMS 0x00000000ca700000, 0x00000000ca700000| Untracked 
| 168|0x00000000ca800000, 0x00000000ca800000, 0x00000000ca900000|  0%| F|  |TAMS 0x00000000ca800000, 0x00000000ca800000| Untracked 
| 169|0x00000000ca900000, 0x00000000ca900000, 0x00000000caa00000|  0%| F|  |TAMS 0x00000000ca900000, 0x00000000ca900000| Untracked 
| 170|0x00000000caa00000, 0x00000000caa00000, 0x00000000cab00000|  0%| F|  |TAMS 0x00000000caa00000, 0x00000000caa00000| Untracked 
| 171|0x00000000cab00000, 0x00000000cab00000, 0x00000000cac00000|  0%| F|  |TAMS 0x00000000cab00000, 0x00000000cab00000| Untracked 
| 172|0x00000000cac00000, 0x00000000cac00000, 0x00000000cad00000|  0%| F|  |TAMS 0x00000000cac00000, 0x00000000cac00000| Untracked 
| 173|0x00000000cad00000, 0x00000000cad00000, 0x00000000cae00000|  0%| F|  |TAMS 0x00000000cad00000, 0x00000000cad00000| Untracked 
| 174|0x00000000cae00000, 0x00000000cae00000, 0x00000000caf00000|  0%| F|  |TAMS 0x00000000cae00000, 0x00000000cae00000| Untracked 
| 175|0x00000000caf00000, 0x00000000caf00000, 0x00000000cb000000|  0%| F|  |TAMS 0x00000000caf00000, 0x00000000caf00000| Untracked 
| 176|0x00000000cb000000, 0x00000000cb000000, 0x00000000cb100000|  0%| F|  |TAMS 0x00000000cb000000, 0x00000000cb000000| Untracked 
| 177|0x00000000cb100000, 0x00000000cb100000, 0x00000000cb200000|  0%| F|  |TAMS 0x00000000cb100000, 0x00000000cb100000| Untracked 
| 178|0x00000000cb200000, 0x00000000cb200000, 0x00000000cb300000|  0%| F|  |TAMS 0x00000000cb200000, 0x00000000cb200000| Untracked 
| 179|0x00000000cb300000, 0x00000000cb300000, 0x00000000cb400000|  0%| F|  |TAMS 0x00000000cb300000, 0x00000000cb300000| Untracked 
| 180|0x00000000cb400000, 0x00000000cb400000, 0x00000000cb500000|  0%| F|  |TAMS 0x00000000cb400000, 0x00000000cb400000| Untracked 
| 181|0x00000000cb500000, 0x00000000cb500000, 0x00000000cb600000|  0%| F|  |TAMS 0x00000000cb500000, 0x00000000cb500000| Untracked 
| 182|0x00000000cb600000, 0x00000000cb600000, 0x00000000cb700000|  0%| F|  |TAMS 0x00000000cb600000, 0x00000000cb600000| Untracked 
| 183|0x00000000cb700000, 0x00000000cb700000, 0x00000000cb800000|  0%| F|  |TAMS 0x00000000cb700000, 0x00000000cb700000| Untracked 
| 184|0x00000000cb800000, 0x00000000cb800000, 0x00000000cb900000|  0%| F|  |TAMS 0x00000000cb800000, 0x00000000cb800000| Untracked 
| 185|0x00000000cb900000, 0x00000000cb900000, 0x00000000cba00000|  0%| F|  |TAMS 0x00000000cb900000, 0x00000000cb900000| Untracked 
| 186|0x00000000cba00000, 0x00000000cba00000, 0x00000000cbb00000|  0%| F|  |TAMS 0x00000000cba00000, 0x00000000cba00000| Untracked 
| 187|0x00000000cbb00000, 0x00000000cbb00000, 0x00000000cbc00000|  0%| F|  |TAMS 0x00000000cbb00000, 0x00000000cbb00000| Untracked 
| 188|0x00000000cbc00000, 0x00000000cbc00000, 0x00000000cbd00000|  0%| F|  |TAMS 0x00000000cbc00000, 0x00000000cbc00000| Untracked 
| 189|0x00000000cbd00000, 0x00000000cbd00000, 0x00000000cbe00000|  0%| F|  |TAMS 0x00000000cbd00000, 0x00000000cbd00000| Untracked 
| 190|0x00000000cbe00000, 0x00000000cbe00000, 0x00000000cbf00000|  0%| F|  |TAMS 0x00000000cbe00000, 0x00000000cbe00000| Untracked 
| 191|0x00000000cbf00000, 0x00000000cbf00000, 0x00000000cc000000|  0%| F|  |TAMS 0x00000000cbf00000, 0x00000000cbf00000| Untracked 
| 192|0x00000000cc000000, 0x00000000cc000000, 0x00000000cc100000|  0%| F|  |TAMS 0x00000000cc000000, 0x00000000cc000000| Untracked 
| 193|0x00000000cc100000, 0x00000000cc100000, 0x00000000cc200000|  0%| F|  |TAMS 0x00000000cc100000, 0x00000000cc100000| Untracked 
| 194|0x00000000cc200000, 0x00000000cc200000, 0x00000000cc300000|  0%| F|  |TAMS 0x00000000cc200000, 0x00000000cc200000| Untracked 
| 195|0x00000000cc300000, 0x00000000cc300000, 0x00000000cc400000|  0%| F|  |TAMS 0x00000000cc300000, 0x00000000cc300000| Untracked 
| 196|0x00000000cc400000, 0x00000000cc400000, 0x00000000cc500000|  0%| F|  |TAMS 0x00000000cc400000, 0x00000000cc400000| Untracked 
| 197|0x00000000cc500000, 0x00000000cc500000, 0x00000000cc600000|  0%| F|  |TAMS 0x00000000cc500000, 0x00000000cc500000| Untracked 
| 198|0x00000000cc600000, 0x00000000cc600000, 0x00000000cc700000|  0%| F|  |TAMS 0x00000000cc600000, 0x00000000cc600000| Untracked 
| 199|0x00000000cc700000, 0x00000000cc700000, 0x00000000cc800000|  0%| F|  |TAMS 0x00000000cc700000, 0x00000000cc700000| Untracked 
| 200|0x00000000cc800000, 0x00000000cc800000, 0x00000000cc900000|  0%| F|  |TAMS 0x00000000cc800000, 0x00000000cc800000| Untracked 
| 201|0x00000000cc900000, 0x00000000cc900000, 0x00000000cca00000|  0%| F|  |TAMS 0x00000000cc900000, 0x00000000cc900000| Untracked 
| 202|0x00000000cca00000, 0x00000000cca00000, 0x00000000ccb00000|  0%| F|  |TAMS 0x00000000cca00000, 0x00000000cca00000| Untracked 
| 203|0x00000000ccb00000, 0x00000000ccb00000, 0x00000000ccc00000|  0%| F|  |TAMS 0x00000000ccb00000, 0x00000000ccb00000| Untracked 
| 204|0x00000000ccc00000, 0x00000000ccc00000, 0x00000000ccd00000|  0%| F|  |TAMS 0x00000000ccc00000, 0x00000000ccc00000| Untracked 
| 205|0x00000000ccd00000, 0x00000000ccd00000, 0x00000000cce00000|  0%| F|  |TAMS 0x00000000ccd00000, 0x00000000ccd00000| Untracked 
| 206|0x00000000cce00000, 0x00000000cce00000, 0x00000000ccf00000|  0%| F|  |TAMS 0x00000000cce00000, 0x00000000cce00000| Untracked 
| 207|0x00000000ccf00000, 0x00000000ccf00000, 0x00000000cd000000|  0%| F|  |TAMS 0x00000000ccf00000, 0x00000000ccf00000| Untracked 
| 208|0x00000000cd000000, 0x00000000cd000000, 0x00000000cd100000|  0%| F|  |TAMS 0x00000000cd000000, 0x00000000cd000000| Untracked 
| 209|0x00000000cd100000, 0x00000000cd100000, 0x00000000cd200000|  0%| F|  |TAMS 0x00000000cd100000, 0x00000000cd100000| Untracked 
| 210|0x00000000cd200000, 0x00000000cd200000, 0x00000000cd300000|  0%| F|  |TAMS 0x00000000cd200000, 0x00000000cd200000| Untracked 
| 211|0x00000000cd300000, 0x00000000cd300000, 0x00000000cd400000|  0%| F|  |TAMS 0x00000000cd300000, 0x00000000cd300000| Untracked 
| 212|0x00000000cd400000, 0x00000000cd400000, 0x00000000cd500000|  0%| F|  |TAMS 0x00000000cd400000, 0x00000000cd400000| Untracked 
| 213|0x00000000cd500000, 0x00000000cd500000, 0x00000000cd600000|  0%| F|  |TAMS 0x00000000cd500000, 0x00000000cd500000| Untracked 
| 214|0x00000000cd600000, 0x00000000cd600000, 0x00000000cd700000|  0%| F|  |TAMS 0x00000000cd600000, 0x00000000cd600000| Untracked 
| 215|0x00000000cd700000, 0x00000000cd700000, 0x00000000cd800000|  0%| F|  |TAMS 0x00000000cd700000, 0x00000000cd700000| Untracked 
| 216|0x00000000cd800000, 0x00000000cd800000, 0x00000000cd900000|  0%| F|  |TAMS 0x00000000cd800000, 0x00000000cd800000| Untracked 
| 217|0x00000000cd900000, 0x00000000cd900000, 0x00000000cda00000|  0%| F|  |TAMS 0x00000000cd900000, 0x00000000cd900000| Untracked 
| 218|0x00000000cda00000, 0x00000000cda00000, 0x00000000cdb00000|  0%| F|  |TAMS 0x00000000cda00000, 0x00000000cda00000| Untracked 
| 219|0x00000000cdb00000, 0x00000000cdb00000, 0x00000000cdc00000|  0%| F|  |TAMS 0x00000000cdb00000, 0x00000000cdb00000| Untracked 
| 220|0x00000000cdc00000, 0x00000000cdc00000, 0x00000000cdd00000|  0%| F|  |TAMS 0x00000000cdc00000, 0x00000000cdc00000| Untracked 
| 221|0x00000000cdd00000, 0x00000000cdd00000, 0x00000000cde00000|  0%| F|  |TAMS 0x00000000cdd00000, 0x00000000cdd00000| Untracked 
| 222|0x00000000cde00000, 0x00000000cde00000, 0x00000000cdf00000|  0%| F|  |TAMS 0x00000000cde00000, 0x00000000cde00000| Untracked 
| 223|0x00000000cdf00000, 0x00000000cdf00000, 0x00000000ce000000|  0%| F|  |TAMS 0x00000000cdf00000, 0x00000000cdf00000| Untracked 
| 224|0x00000000ce000000, 0x00000000ce000000, 0x00000000ce100000|  0%| F|  |TAMS 0x00000000ce000000, 0x00000000ce000000| Untracked 
| 225|0x00000000ce100000, 0x00000000ce100000, 0x00000000ce200000|  0%| F|  |TAMS 0x00000000ce100000, 0x00000000ce100000| Untracked 
| 226|0x00000000ce200000, 0x00000000ce200000, 0x00000000ce300000|  0%| F|  |TAMS 0x00000000ce200000, 0x00000000ce200000| Untracked 
| 227|0x00000000ce300000, 0x00000000ce300000, 0x00000000ce400000|  0%| F|  |TAMS 0x00000000ce300000, 0x00000000ce300000| Untracked 
| 228|0x00000000ce400000, 0x00000000ce400000, 0x00000000ce500000|  0%| F|  |TAMS 0x00000000ce400000, 0x00000000ce400000| Untracked 
| 229|0x00000000ce500000, 0x00000000ce500000, 0x00000000ce600000|  0%| F|  |TAMS 0x00000000ce500000, 0x00000000ce500000| Untracked 
| 230|0x00000000ce600000, 0x00000000ce600000, 0x00000000ce700000|  0%| F|  |TAMS 0x00000000ce600000, 0x00000000ce600000| Untracked 
| 231|0x00000000ce700000, 0x00000000ce700000, 0x00000000ce800000|  0%| F|  |TAMS 0x00000000ce700000, 0x00000000ce700000| Untracked 
| 232|0x00000000ce800000, 0x00000000ce800000, 0x00000000ce900000|  0%| F|  |TAMS 0x00000000ce800000, 0x00000000ce800000| Untracked 
| 233|0x00000000ce900000, 0x00000000ce900000, 0x00000000cea00000|  0%| F|  |TAMS 0x00000000ce900000, 0x00000000ce900000| Untracked 
| 234|0x00000000cea00000, 0x00000000cea00000, 0x00000000ceb00000|  0%| F|  |TAMS 0x00000000cea00000, 0x00000000cea00000| Untracked 
| 235|0x00000000ceb00000, 0x00000000ceb00000, 0x00000000cec00000|  0%| F|  |TAMS 0x00000000ceb00000, 0x00000000ceb00000| Untracked 
| 236|0x00000000cec00000, 0x00000000cec00000, 0x00000000ced00000|  0%| F|  |TAMS 0x00000000cec00000, 0x00000000cec00000| Untracked 
| 237|0x00000000ced00000, 0x00000000ced00000, 0x00000000cee00000|  0%| F|  |TAMS 0x00000000ced00000, 0x00000000ced00000| Untracked 
| 238|0x00000000cee00000, 0x00000000cee00000, 0x00000000cef00000|  0%| F|  |TAMS 0x00000000cee00000, 0x00000000cee00000| Untracked 
| 239|0x00000000cef00000, 0x00000000cef00000, 0x00000000cf000000|  0%| F|  |TAMS 0x00000000cef00000, 0x00000000cef00000| Untracked 
| 240|0x00000000cf000000, 0x00000000cf000000, 0x00000000cf100000|  0%| F|  |TAMS 0x00000000cf000000, 0x00000000cf000000| Untracked 
| 241|0x00000000cf100000, 0x00000000cf100000, 0x00000000cf200000|  0%| F|  |TAMS 0x00000000cf100000, 0x00000000cf100000| Untracked 
| 242|0x00000000cf200000, 0x00000000cf200000, 0x00000000cf300000|  0%| F|  |TAMS 0x00000000cf200000, 0x00000000cf200000| Untracked 
| 243|0x00000000cf300000, 0x00000000cf300000, 0x00000000cf400000|  0%| F|  |TAMS 0x00000000cf300000, 0x00000000cf300000| Untracked 
| 244|0x00000000cf400000, 0x00000000cf400000, 0x00000000cf500000|  0%| F|  |TAMS 0x00000000cf400000, 0x00000000cf400000| Untracked 
| 245|0x00000000cf500000, 0x00000000cf500000, 0x00000000cf600000|  0%| F|  |TAMS 0x00000000cf500000, 0x00000000cf500000| Untracked 
| 246|0x00000000cf600000, 0x00000000cf600000, 0x00000000cf700000|  0%| F|  |TAMS 0x00000000cf600000, 0x00000000cf600000| Untracked 
| 247|0x00000000cf700000, 0x00000000cf700000, 0x00000000cf800000|  0%| F|  |TAMS 0x00000000cf700000, 0x00000000cf700000| Untracked 
| 248|0x00000000cf800000, 0x00000000cf800000, 0x00000000cf900000|  0%| F|  |TAMS 0x00000000cf800000, 0x00000000cf800000| Untracked 
| 249|0x00000000cf900000, 0x00000000cf900000, 0x00000000cfa00000|  0%| F|  |TAMS 0x00000000cf900000, 0x00000000cf900000| Untracked 
| 250|0x00000000cfa00000, 0x00000000cfa00000, 0x00000000cfb00000|  0%| F|  |TAMS 0x00000000cfa00000, 0x00000000cfa00000| Untracked 
| 251|0x00000000cfb00000, 0x00000000cfb00000, 0x00000000cfc00000|  0%| F|  |TAMS 0x00000000cfb00000, 0x00000000cfb00000| Untracked 
| 252|0x00000000cfc00000, 0x00000000cfc00000, 0x00000000cfd00000|  0%| F|  |TAMS 0x00000000cfc00000, 0x00000000cfc00000| Untracked 
| 253|0x00000000cfd00000, 0x00000000cfd00000, 0x00000000cfe00000|  0%| F|  |TAMS 0x00000000cfd00000, 0x00000000cfd00000| Untracked 
| 254|0x00000000cfe00000, 0x00000000cfe00000, 0x00000000cff00000|  0%| F|  |TAMS 0x00000000cfe00000, 0x00000000cfe00000| Untracked 
| 255|0x00000000cff00000, 0x00000000cff00000, 0x00000000d0000000|  0%| F|  |TAMS 0x00000000cff00000, 0x00000000cff00000| Untracked 
| 256|0x00000000d0000000, 0x00000000d0000000, 0x00000000d0100000|  0%| F|  |TAMS 0x00000000d0000000, 0x00000000d0000000| Untracked 
| 257|0x00000000d0100000, 0x00000000d0100000, 0x00000000d0200000|  0%| F|  |TAMS 0x00000000d0100000, 0x00000000d0100000| Untracked 
| 258|0x00000000d0200000, 0x00000000d0200000, 0x00000000d0300000|  0%| F|  |TAMS 0x00000000d0200000, 0x00000000d0200000| Untracked 
| 259|0x00000000d0300000, 0x00000000d0300000, 0x00000000d0400000|  0%| F|  |TAMS 0x00000000d0300000, 0x00000000d0300000| Untracked 
| 260|0x00000000d0400000, 0x00000000d0400000, 0x00000000d0500000|  0%| F|  |TAMS 0x00000000d0400000, 0x00000000d0400000| Untracked 
| 261|0x00000000d0500000, 0x00000000d0500000, 0x00000000d0600000|  0%| F|  |TAMS 0x00000000d0500000, 0x00000000d0500000| Untracked 
| 262|0x00000000d0600000, 0x00000000d0600000, 0x00000000d0700000|  0%| F|  |TAMS 0x00000000d0600000, 0x00000000d0600000| Untracked 
| 263|0x00000000d0700000, 0x00000000d0700000, 0x00000000d0800000|  0%| F|  |TAMS 0x00000000d0700000, 0x00000000d0700000| Untracked 
| 264|0x00000000d0800000, 0x00000000d0800000, 0x00000000d0900000|  0%| F|  |TAMS 0x00000000d0800000, 0x00000000d0800000| Untracked 
| 265|0x00000000d0900000, 0x00000000d0900000, 0x00000000d0a00000|  0%| F|  |TAMS 0x00000000d0900000, 0x00000000d0900000| Untracked 
| 266|0x00000000d0a00000, 0x00000000d0a00000, 0x00000000d0b00000|  0%| F|  |TAMS 0x00000000d0a00000, 0x00000000d0a00000| Untracked 
| 267|0x00000000d0b00000, 0x00000000d0b00000, 0x00000000d0c00000|  0%| F|  |TAMS 0x00000000d0b00000, 0x00000000d0b00000| Untracked 
| 268|0x00000000d0c00000, 0x00000000d0c00000, 0x00000000d0d00000|  0%| F|  |TAMS 0x00000000d0c00000, 0x00000000d0c00000| Untracked 

Card table byte_map: [0x000001aca6520000,0x000001aca6720000] _byte_map_base: 0x000001aca5f20000

Marking Bits (Prev, Next): (CMBitMap*) 0x000001ac8c8c2130, (CMBitMap*) 0x000001ac8c8c20f8
 Prev Bits: [0x000001aca7920000, 0x000001aca8920000)
 Next Bits: [0x000001aca6920000, 0x000001aca7920000)

Polling page: 0x000001ac8cfd0000

Metaspace:

Usage:
  Non-class:     13.92 MB capacity,    13.70 MB ( 98%) used,   187.98 KB (  1%) free+waste,    36.56 KB ( <1%) overhead. 
      Class:      2.24 MB capacity,     2.07 MB ( 93%) used,   149.28 KB (  7%) free+waste,    19.81 KB ( <1%) overhead. 
       Both:     16.16 MB capacity,    15.77 MB ( 98%) used,   337.27 KB (  2%) free+waste,    56.38 KB ( <1%) overhead. 

Virtual space:
  Non-class space:       14.00 MB reserved,      14.00 MB (100%) committed 
      Class space:        1.00 GB reserved,       2.25 MB ( <1%) committed 
             Both:        1.01 GB reserved,      16.25 MB (  2%) committed 

Chunk freelists:
   Non-Class:  19.00 KB
       Class:  1.00 KB
        Both:  20.00 KB

MaxMetaspaceSize: 17179869184.00 GB
CompressedClassSpaceSize: 1.00 GB
Initial GC threshold: 20.80 MB
Current GC threshold: 22.92 MB
CDS: off

CodeHeap 'non-profiled nmethods': size=120000Kb used=1818Kb max_used=1818Kb free=118181Kb
 bounds [0x000001ac9e8a0000, 0x000001ac9eb10000, 0x000001aca5dd0000]
CodeHeap 'profiled nmethods': size=120000Kb used=4832Kb max_used=4832Kb free=115167Kb
 bounds [0x000001ac97370000, 0x000001ac97830000, 0x000001ac9e8a0000]
CodeHeap 'non-nmethods': size=5760Kb used=1155Kb max_used=1248Kb free=4605Kb
 bounds [0x000001ac96dd0000, 0x000001ac97040000, 0x000001ac97370000]
 total_blobs=3082 nmethods=2679 adapters=315
 compilation: enabled
              stopped_count=0, restarted_count=0
 full_count=0

Compilation events (20 events):
Event: 3.605 Thread 0x000001ac8e0e3800 nmethod 2674 0x000001ac9ea62210 code [0x000001ac9ea623a0, 0x000001ac9ea623f8]
Event: 3.609 Thread 0x000001ac8e0e3800 2675       4       scala.collection.TraversableOnce$$Lambda$64/0x00000001001bf040::apply (13 bytes)
Event: 3.609 Thread 0x000001ac8e0e0000 2679       1       scala.collection.immutable.HashMap$HashMapCollision1::hash (5 bytes)
Event: 3.609 Thread 0x000001ac8e0e0000 nmethod 2679 0x000001ac9ea62510 code [0x000001ac9ea626c0, 0x000001ac9ea62778]
Event: 3.610 Thread 0x000001ac8e0e5000 nmethod 2669 0x000001ac9ea62810 code [0x000001ac9ea62aa0, 0x000001ac9ea639a8]
Event: 3.610 Thread 0x000001ac8e0e5000 2676       4       scala.collection.mutable.MapBuilder::$plus$eq (9 bytes)
Event: 3.610 Thread 0x000001ac8e0e3800 nmethod 2675 0x000001ac9ea64590 code [0x000001ac9ea64740, 0x000001ac9ea64948]
Event: 3.610 Thread 0x000001ac8e0e3800 2677       4       scala.collection.mutable.MapBuilder::$plus$eq (16 bytes)
Event: 3.611 Thread 0x000001ac8e0e3800 nmethod 2677 0x000001ac9ea64b90 code [0x000001ac9ea64d40, 0x000001ac9ea64ec8]
Event: 3.611 Thread 0x000001ac8e0e3800 2678       4       scala.collection.TraversableOnce::$anonfun$toMap$1 (12 bytes)
Event: 3.611 Thread 0x000001ac8e0e5000 nmethod 2676 0x000001ac9ea65010 code [0x000001ac9ea651c0, 0x000001ac9ea65388]
Event: 3.613 Thread 0x000001ac8e0e3800 nmethod 2678 0x000001ac9ea65510 code [0x000001ac9ea656c0, 0x000001ac9ea658c8]
Event: 3.622 Thread 0x000001ac8e0e0000 2680       3       scala.collection.immutable.HashMap$HashMapCollision1::updated0 (119 bytes)
Event: 3.622 Thread 0x000001ac8e0e0000 nmethod 2680 0x000001ac97825e90 code [0x000001ac97826220, 0x000001ac97827a38]
Event: 3.627 Thread 0x000001ac8e0e5000 2681       4       scala.collection.immutable.ListMap$Node::next (5 bytes)
Event: 3.627 Thread 0x000001ac8e0e5000 nmethod 2681 0x000001ac9ea65b10 code [0x000001ac9ea65ca0, 0x000001ac9ea65d18]
Event: 3.632 Thread 0x000001ac8e0e3800 2682       4       scala.collection.immutable.ListSet::reverseList$1 (34 bytes)
Event: 3.633 Thread 0x000001ac8e0e3800 nmethod 2682 0x000001ac9ea65e10 code [0x000001ac9ea65fe0, 0x000001ac9ea661b8]
Event: 3.643 Thread 0x000001ac8e0e5000 2683       4       scala.collection.immutable.HashSet$HashSetCollision1::foreach (9 bytes)
Event: 3.646 Thread 0x000001ac8e0e5000 nmethod 2683 0x000001ac9ea66390 code [0x000001ac9ea66560, 0x000001ac9ea667f8]

GC Heap History (20 events):
Event: 0.994 GC heap after
{Heap after GC invocations=9 (full 2):
 garbage-first heap   total 30720K, used 6388K [0x00000000c0000000, 0x0000000100000000)
  region size 1024K, 1 young (1024K), 1 survivors (1024K)
 Metaspace       used 11074K, capacity 11269K, committed 11520K, reserved 1058816K
  class space    used 1183K, capacity 1241K, committed 1280K, reserved 1048576K
}
Event: 1.061 GC heap before
{Heap before GC invocations=9 (full 2):
 garbage-first heap   total 30720K, used 8436K [0x00000000c0000000, 0x0000000100000000)
  region size 1024K, 4 young (4096K), 1 survivors (1024K)
 Metaspace       used 12015K, capacity 12171K, committed 12288K, reserved 1060864K
  class space    used 1419K, capacity 1500K, committed 1536K, reserved 1048576K
}
Event: 1.070 GC heap after
{Heap after GC invocations=10 (full 3):
 garbage-first heap   total 27648K, used 6366K [0x00000000c0000000, 0x0000000100000000)
  region size 1024K, 0 young (0K), 0 survivors (0K)
 Metaspace       used 12015K, capacity 12171K, committed 12288K, reserved 1060864K
  class space    used 1419K, capacity 1500K, committed 1536K, reserved 1048576K
}
Event: 1.362 GC heap before
{Heap before GC invocations=10 (full 3):
 garbage-first heap   total 27648K, used 15582K [0x00000000c0000000, 0x0000000100000000)
  region size 1024K, 10 young (10240K), 0 survivors (0K)
 Metaspace       used 13555K, capacity 13768K, committed 13824K, reserved 1060864K
  class space    used 1675K, capacity 1774K, committed 1792K, reserved 1048576K
}
Event: 1.366 GC heap after
{Heap after GC invocations=11 (full 3):
 garbage-first heap   total 27648K, used 9014K [0x00000000c0000000, 0x0000000100000000)
  region size 1024K, 2 young (2048K), 2 survivors (2048K)
 Metaspace       used 13555K, capacity 13768K, committed 13824K, reserved 1060864K
  class space    used 1675K, capacity 1774K, committed 1792K, reserved 1048576K
}
Event: 1.440 GC heap before
{Heap before GC invocations=11 (full 3):
 garbage-first heap   total 27648K, used 13110K [0x00000000c0000000, 0x0000000100000000)
  region size 1024K, 5 young (5120K), 2 survivors (2048K)
 Metaspace       used 13564K, capacity 13832K, committed 14080K, reserved 1060864K
  class space    used 1675K, capacity 1774K, committed 1792K, reserved 1048576K
}
Event: 1.452 GC heap after
{Heap after GC invocations=12 (full 4):
 garbage-first heap   total 27648K, used 11036K [0x00000000c0000000, 0x0000000100000000)
  region size 1024K, 0 young (0K), 0 survivors (0K)
 Metaspace       used 13564K, capacity 13832K, committed 14080K, reserved 1060864K
  class space    used 1675K, capacity 1774K, committed 1792K, reserved 1048576K
}
Event: 1.621 GC heap before
{Heap before GC invocations=12 (full 4):
 garbage-first heap   total 27648K, used 18204K [0x00000000c0000000, 0x0000000100000000)
  region size 1024K, 6 young (6144K), 0 survivors (0K)
 Metaspace       used 13580K, capacity 13832K, committed 14080K, reserved 1060864K
  class space    used 1675K, capacity 1774K, committed 1792K, reserved 1048576K
}
Event: 1.624 GC heap after
{Heap after GC invocations=13 (full 4):
 garbage-first heap   total 27648K, used 14434K [0x00000000c0000000, 0x0000000100000000)
  region size 1024K, 1 young (1024K), 1 survivors (1024K)
 Metaspace       used 13580K, capacity 13832K, committed 14080K, reserved 1060864K
  class space    used 1675K, capacity 1774K, committed 1792K, reserved 1048576K
}
Event: 1.805 GC heap before
{Heap before GC invocations=14 (full 4):
 garbage-first heap   total 27648K, used 21602K [0x00000000c0000000, 0x0000000100000000)
  region size 1024K, 6 young (6144K), 1 survivors (1024K)
 Metaspace       used 13584K, capacity 13832K, committed 14080K, reserved 1060864K
  class space    used 1675K, capacity 1774K, committed 1792K, reserved 1048576K
}
Event: 1.818 GC heap after
{Heap after GC invocations=15 (full 4):
 garbage-first heap   total 275456K, used 17821K [0x00000000c0000000, 0x0000000100000000)
  region size 1024K, 1 young (1024K), 1 survivors (1024K)
 Metaspace       used 13584K, capacity 13832K, committed 14080K, reserved 1060864K
  class space    used 1675K, capacity 1774K, committed 1792K, reserved 1048576K
}
Event: 2.249 GC heap before
{Heap before GC invocations=15 (full 4):
 garbage-first heap   total 275456K, used 128413K [0x00000000c0000000, 0x0000000100000000)
  region size 1024K, 108 young (110592K), 1 survivors (1024K)
 Metaspace       used 14378K, capacity 14687K, committed 14848K, reserved 1062912K
  class space    used 1819K, capacity 1945K, committed 2048K, reserved 1048576K
}
Event: 2.254 GC heap after
{Heap after GC invocations=16 (full 4):
 garbage-first heap   total 275456K, used 24413K [0x00000000c0000000, 0x0000000100000000)
  region size 1024K, 6 young (6144K), 6 survivors (6144K)
 Metaspace       used 14378K, capacity 14687K, committed 14848K, reserved 1062912K
  class space    used 1819K, capacity 1945K, committed 2048K, reserved 1048576K
}
Event: 2.892 GC heap before
{Heap before GC invocations=16 (full 4):
 garbage-first heap   total 275456K, used 172893K [0x00000000c0000000, 0x0000000100000000)
  region size 1024K, 140 young (143360K), 6 survivors (6144K)
 Metaspace       used 14386K, capacity 14687K, committed 14848K, reserved 1062912K
  class space    used 1819K, capacity 1945K, committed 2048K, reserved 1048576K
}
Event: 2.905 GC heap after
{Heap after GC invocations=17 (full 4):
 garbage-first heap   total 275456K, used 43708K [0x00000000c0000000, 0x0000000100000000)
  region size 1024K, 13 young (13312K), 13 survivors (13312K)
 Metaspace       used 14386K, capacity 14687K, committed 14848K, reserved 1062912K
  class space    used 1819K, capacity 1945K, committed 2048K, reserved 1048576K
}
Event: 3.378 GC heap before
{Heap before GC invocations=17 (full 4):
 garbage-first heap   total 275456K, used 196284K [0x00000000c0000000, 0x0000000100000000)
  region size 1024K, 161 young (164864K), 13 survivors (13312K)
 Metaspace       used 16059K, capacity 16474K, committed 16640K, reserved 1062912K
  class space    used 2091K, capacity 2290K, committed 2304K, reserved 1048576K
}
Event: 3.397 GC heap after
{Heap after GC invocations=18 (full 4):
 garbage-first heap   total 275456K, used 64827K [0x00000000c0000000, 0x0000000100000000)
  region size 1024K, 21 young (21504K), 21 survivors (21504K)
 Metaspace       used 16059K, capacity 16474K, committed 16640K, reserved 1062912K
  class space    used 2091K, capacity 2290K, committed 2304K, reserved 1048576K
}
Event: 3.521 GC heap before
{Heap before GC invocations=18 (full 4):
 garbage-first heap   total 275456K, used 207163K [0x00000000c0000000, 0x0000000100000000)
  region size 1024K, 160 young (163840K), 21 survivors (21504K)
 Metaspace       used 16151K, capacity 16546K, committed 16640K, reserved 1062912K
  class space    used 2123K, capacity 2293K, committed 2304K, reserved 1048576K
}
Event: 3.541 GC heap after
{Heap after GC invocations=19 (full 4):
 garbage-first heap   total 275456K, used 80433K [0x00000000c0000000, 0x0000000100000000)
  region size 1024K, 17 young (17408K), 17 survivors (17408K)
 Metaspace       used 16151K, capacity 16546K, committed 16640K, reserved 1062912K
  class space    used 2123K, capacity 2293K, committed 2304K, reserved 1048576K
}
Event: 3.648 GC heap before
{Heap before GC invocations=19 (full 4):
 garbage-first heap   total 275456K, used 211505K [0x00000000c0000000, 0x0000000100000000)
  region size 1024K, 145 young (148480K), 17 survivors (17408K)
 Metaspace       used 16152K, capacity 16546K, committed 16640K, reserved 1062912K
  class space    used 2123K, capacity 2293K, committed 2304K, reserved 1048576K
}

Deoptimization events (20 events):
Event: 3.609 Thread 0x000001ac8c731000 Uncommon trap: trap_request=0xffffffde fr.pc=0x000001ac9ea53040 relative=0x0000000000000180
Event: 3.609 Thread 0x000001ac8c731000 Uncommon trap: reason=class_check action=maybe_recompile pc=0x000001ac9ea53040 method=scala.collection.mutable.MapBuilder.$plus$eq(Lscala/Tuple2;)Lscala/collection/mutable/MapBuilder; @ 6 c2
Event: 3.609 Thread 0x000001ac8c731000 DEOPT PACKING pc=0x000001ac9ea53040 sp=0x00000059879ed870
Event: 3.609 Thread 0x000001ac8c731000 DEOPT UNPACKING pc=0x000001ac96e1a1af sp=0x00000059879ed6e0 mode 2
Event: 3.609 Thread 0x000001ac8c731000 Uncommon trap: trap_request=0xffffffde fr.pc=0x000001ac9ea53040 relative=0x0000000000000180
Event: 3.609 Thread 0x000001ac8c731000 Uncommon trap: reason=class_check action=maybe_recompile pc=0x000001ac9ea53040 method=scala.collection.mutable.MapBuilder.$plus$eq(Lscala/Tuple2;)Lscala/collection/mutable/MapBuilder; @ 6 c2
Event: 3.609 Thread 0x000001ac8c731000 DEOPT PACKING pc=0x000001ac9ea53040 sp=0x00000059879ed870
Event: 3.609 Thread 0x000001ac8c731000 DEOPT UNPACKING pc=0x000001ac96e1a1af sp=0x00000059879ed6e0 mode 2
Event: 3.609 Thread 0x000001ac8c731000 Uncommon trap: trap_request=0xffffffde fr.pc=0x000001ac9ea53040 relative=0x0000000000000180
Event: 3.609 Thread 0x000001ac8c731000 Uncommon trap: reason=class_check action=maybe_recompile pc=0x000001ac9ea53040 method=scala.collection.mutable.MapBuilder.$plus$eq(Lscala/Tuple2;)Lscala/collection/mutable/MapBuilder; @ 6 c2
Event: 3.609 Thread 0x000001ac8c731000 DEOPT PACKING pc=0x000001ac9ea53040 sp=0x00000059879ed870
Event: 3.609 Thread 0x000001ac8c731000 DEOPT UNPACKING pc=0x000001ac96e1a1af sp=0x00000059879ed6e0 mode 2
Event: 3.609 Thread 0x000001ac8c731000 Uncommon trap: trap_request=0xffffffde fr.pc=0x000001ac9ea53040 relative=0x0000000000000180
Event: 3.609 Thread 0x000001ac8c731000 Uncommon trap: reason=class_check action=maybe_recompile pc=0x000001ac9ea53040 method=scala.collection.mutable.MapBuilder.$plus$eq(Lscala/Tuple2;)Lscala/collection/mutable/MapBuilder; @ 6 c2
Event: 3.609 Thread 0x000001ac8c731000 DEOPT PACKING pc=0x000001ac9ea53040 sp=0x00000059879ed870
Event: 3.609 Thread 0x000001ac8c731000 DEOPT UNPACKING pc=0x000001ac96e1a1af sp=0x00000059879ed6e0 mode 2
Event: 3.609 Thread 0x000001ac8c731000 Uncommon trap: trap_request=0xffffffde fr.pc=0x000001ac9ea535f4 relative=0x0000000000000134
Event: 3.609 Thread 0x000001ac8c731000 Uncommon trap: reason=class_check action=maybe_recompile pc=0x000001ac9ea535f4 method=scala.collection.mutable.MapBuilder.$plus$eq(Lscala/Tuple2;)Lscala/collection/mutable/MapBuilder; @ 6 c2
Event: 3.609 Thread 0x000001ac8c731000 DEOPT PACKING pc=0x000001ac9ea535f4 sp=0x00000059879ed790
Event: 3.609 Thread 0x000001ac8c731000 DEOPT UNPACKING pc=0x000001ac96e1a1af sp=0x00000059879ed6d8 mode 2

Classes redefined (0 events):
No events

Internal exceptions (16 events):
Event: 0.165 Thread 0x000001ac8c731000 Exception <a 'java/io/IOException'{0x00000000dfc0b250}: Bad pathname> (0x00000000dfc0b250) thrown at [./src/hotspot/share/prims/jni.cpp, line 636]
Event: 0.167 Thread 0x000001ac8c731000 Exception <a 'java/io/IOException'{0x00000000dfc114e8}: Bad pathname> (0x00000000dfc114e8) thrown at [./src/hotspot/share/prims/jni.cpp, line 636]
Event: 1.081 Thread 0x000001ac8c731000 Exception <a 'java/lang/NoSuchMethodError'{0x00000000c1a6a768}: 'java.lang.Object java.lang.invoke.DirectMethodHandle$Holder.invokeStaticInit(java.lang.Object, java.lang.Object, java.lang.Object)'> (0x00000000c1a6a768) thrown at [./src/hotspot/share/interpreter/linkResolver.cpp, line 773]
Event: 1.121 Thread 0x000001ac8c731000 Exception <a 'java/lang/NoSuchMethodError'{0x00000000c18c3e00}: 'int java.lang.invoke.DirectMethodHandle$Holder.invokeSpecialIFC(java.lang.Object, java.lang.Object, int)'> (0x00000000c18c3e00) thrown at [./src/hotspot/share/interpreter/linkResolver.cpp, line 773]
Event: 1.156 Thread 0x000001ac8c731000 Exception <a 'java/lang/NoSuchMethodError'{0x00000000c165f3b8}: 'java.lang.Object java.lang.invoke.DirectMethodHandle$Holder.invokeStatic(java.lang.Object, java.lang.Object, int, java.lang.Object)'> (0x00000000c165f3b8) thrown at [./src/hotspot/share/interpreter/linkResolver.cpp, line 773]
Event: 1.157 Thread 0x000001ac8c731000 Exception <a 'java/lang/NoSuchMethodError'{0x00000000c1665ae8}: 'java.lang.Object java.lang.invoke.Invokers$Holder.linkToTargetMethod(java.lang.Object, int, java.lang.Object, java.lang.Object)'> (0x00000000c1665ae8) thrown at [./src/hotspot/share/interpreter/linkResolver.cpp, line 773]
Event: 1.177 Thread 0x000001ac8c731000 Exception <a 'java/lang/NoSuchMethodError'{0x00000000c15286c8}: 'java.lang.Object java.lang.invoke.DirectMethodHandle$Holder.invokeStaticInit(java.lang.Object, java.lang.Object, java.lang.Object, java.lang.Object)'> (0x00000000c15286c8) thrown at [./src/hotspot/share/interpreter/linkResolver.cpp, line 773]
Event: 1.998 Thread 0x000001ac8c731000 Exception <a 'java/lang/NoSuchMethodError'{0x00000000d06fa368}: 'java.lang.Object java.lang.invoke.Invokers$Holder.linkToTargetMethod(java.lang.Object, int, java.lang.Object)'> (0x00000000d06fa368) thrown at [./src/hotspot/share/interpreter/linkResolver.cpp, line 773]
Event: 2.002 Thread 0x000001ac8c731000 Exception <a 'java/lang/NoSuchMethodError'{0x00000000d0520a50}: 'java.lang.Object java.lang.invoke.DirectMethodHandle$Holder.invokeStatic(java.lang.Object, int, java.lang.Object)'> (0x00000000d0520a50) thrown at [./src/hotspot/share/interpreter/linkResolver.cpp, line 773]
Event: 2.004 Thread 0x000001ac8c731000 Exception <a 'java/lang/NoSuchMethodError'{0x00000000d0538178}: 'java.lang.Object java.lang.invoke.DirectMethodHandle$Holder.invokeStatic(java.lang.Object, int, int, java.lang.Object)'> (0x00000000d0538178) thrown at [./src/hotspot/share/interpreter/linkResolver.cpp, line 773]
Event: 3.072 Thread 0x000001ac8c731000 Exception <a 'java/lang/NoSuchMethodError'{0x00000000d074e298}: 'java.lang.Object java.lang.invoke.DirectMethodHandle$Holder.invokeStatic(java.lang.Object, java.lang.Object, java.lang.Object, java.lang.Object, int, java.lang.Object)'> (0x00000000d074e298) thrown at [./src/hotspot/share/interpreter/linkResolver.cpp, line 773]
Event: 3.072 Thread 0x000001ac8c731000 Exception <a 'java/lang/NoSuchMethodError'{0x00000000d0751d58}: 'java.lang.Object java.lang.invoke.DirectMethodHandle$Holder.invokeSpecial(java.lang.Object, java.lang.Object, java.lang.Object, java.lang.Object, java.lang.Object, int, java.lang.Object)'> (0x00000000d0751d58) thrown at [./src/hotspot/share/interpreter/linkResolver.cpp, line 773]
Event: 3.073 Thread 0x000001ac8c731000 Exception <a 'java/lang/NoSuchMethodError'{0x00000000d07550f8}: 'java.lang.Object java.lang.invoke.Invokers$Holder.linkToTargetMethod(java.lang.Object, java.lang.Object, java.lang.Object, int, java.lang.Object, java.lang.Object)'> (0x00000000d07550f8) thrown at [./src/hotspot/share/interpreter/linkResolver.cpp, line 773]
Event: 3.204 Thread 0x000001ac8c731000 Exception <a 'java/lang/NoSuchMethodError'{0x00000000ce4fc968}: 'java.lang.Object java.lang.invoke.DirectMethodHandle$Holder.invokeStaticInit(java.lang.Object, java.lang.Object, java.lang.Object, java.lang.Object, java.lang.Object)'> (0x00000000ce4fc968) thrown at [./src/hotspot/share/interpreter/linkResolver.cpp, line 773]
Event: 3.207 Thread 0x000001ac8c731000 Exception <a 'java/lang/NoSuchMethodError'{0x00000000ce30c1d0}: 'java.lang.Object java.lang.invoke.Invokers$Holder.invoker(java.lang.Object, java.lang.Object, java.lang.Object)'> (0x00000000ce30c1d0) thrown at [./src/hotspot/share/interpreter/linkResolver.cpp, line 773]
Event: 3.209 Thread 0x000001ac8c731000 Exception <a 'java/lang/NoSuchMethodError'{0x00000000ce31be48}: 'void java.lang.invoke.DelegatingMethodHandle$Holder.delegate(java.lang.Object, java.lang.Object, int, java.lang.Object)'> (0x00000000ce31be48) thrown at [./src/hotspot/share/interpreter/linkResolver.cpp, line 773]

Events (20 events):
Event: 3.398 Executing VM operation: RevokeBias done
Event: 3.398 Executing VM operation: RevokeBias
Event: 3.398 Executing VM operation: RevokeBias done
Event: 3.411 loading class scala/collection/immutable/ListMap$
Event: 3.411 loading class scala/collection/immutable/ListMap$ done
Event: 3.412 loading class scala/collection/immutable/ListMap
Event: 3.412 loading class scala/collection/immutable/ListMap done
Event: 3.412 loading class scala/collection/immutable/ListMap$EmptyListMap$
Event: 3.412 loading class scala/collection/immutable/ListMap$EmptyListMap$ done
Event: 3.413 loading class scala/collection/immutable/ListMap$Node
Event: 3.413 loading class scala/collection/immutable/ListMap$Node done
Event: 3.435 loading class scala/collection/immutable/ListMap
Event: 3.435 loading class scala/collection/immutable/ListMap done
Event: 3.435 loading class scala/collection/immutable/ListMap
Event: 3.435 loading class scala/collection/immutable/ListMap done
Event: 3.435 loading class scala/Function2
Event: 3.435 loading class scala/Function2 done
Event: 3.521 Executing VM operation: G1CollectForAllocation
Event: 3.541 Executing VM operation: G1CollectForAllocation done
Event: 3.648 Executing VM operation: G1CollectForAllocation


Dynamic libraries:
0x00007ff7ff710000 - 0x00007ff7ff72c000 	C:\ProgramData\Anaconda3\envs\kogpt\python.exe
0x00007ff912b50000 - 0x00007ff912d45000 	C:\WINDOWS\SYSTEM32\ntdll.dll
0x00007ff911920000 - 0x00007ff9119de000 	C:\WINDOWS\System32\KERNEL32.DLL
0x00007ff910460000 - 0x00007ff910728000 	C:\WINDOWS\System32\KERNELBASE.dll
0x00007ff910760000 - 0x00007ff910860000 	C:\WINDOWS\System32\ucrtbase.dll
0x00007ff8ee9f0000 - 0x00007ff8eea09000 	C:\ProgramData\Anaconda3\envs\kogpt\VCRUNTIME140.dll
0x00007ff8870a0000 - 0x00007ff887574000 	C:\ProgramData\Anaconda3\envs\kogpt\python38.dll
0x00007ff912a10000 - 0x00007ff912a65000 	C:\WINDOWS\System32\SHLWAPI.dll
0x00007ff912a70000 - 0x00007ff912b0e000 	C:\WINDOWS\System32\msvcrt.dll
0x00007ff90a340000 - 0x00007ff90a34a000 	C:\WINDOWS\SYSTEM32\VERSION.dll
0x00007ff9129a0000 - 0x00007ff912a0b000 	C:\WINDOWS\System32\WS2_32.dll
0x00007ff9119e0000 - 0x00007ff911b0a000 	C:\WINDOWS\System32\RPCRT4.dll
0x00007ff9128e0000 - 0x00007ff91298c000 	C:\WINDOWS\System32\ADVAPI32.dll
0x00007ff911740000 - 0x00007ff9117db000 	C:\WINDOWS\System32\sechost.dll
0x00007ff90fc20000 - 0x00007ff90fc38000 	C:\WINDOWS\SYSTEM32\CRYPTSP.dll
0x00007ff90f2f0000 - 0x00007ff90f324000 	C:\WINDOWS\system32\rsaenh.dll
0x00007ff910730000 - 0x00007ff910757000 	C:\WINDOWS\System32\bcrypt.dll
0x00007ff90fb50000 - 0x00007ff90fb5c000 	C:\WINDOWS\SYSTEM32\CRYPTBASE.dll
0x00007ff910a00000 - 0x00007ff910a83000 	C:\WINDOWS\System32\bcryptPrimitives.dll
0x00007ff8ef2e0000 - 0x00007ff8ef2ef000 	C:\ProgramData\Anaconda3\envs\kogpt\python3.DLL
0x00007ff8ee590000 - 0x00007ff8ee5a8000 	C:\ProgramData\Anaconda3\envs\kogpt\DLLs\_bz2.pyd
0x00007ff8ed930000 - 0x00007ff8ed960000 	C:\ProgramData\Anaconda3\envs\kogpt\DLLs\_lzma.pyd
0x00007ff8e83c0000 - 0x00007ff8e83e4000 	C:\ProgramData\Anaconda3\envs\kogpt\DLLs\_ctypes.pyd
0x00007ff912250000 - 0x00007ff91237a000 	C:\WINDOWS\System32\ole32.dll
0x00007ff911050000 - 0x00007ff9113a5000 	C:\WINDOWS\System32\combase.dll
0x00007ff910f70000 - 0x00007ff910f9b000 	C:\WINDOWS\System32\GDI32.dll
0x00007ff910430000 - 0x00007ff910452000 	C:\WINDOWS\System32\win32u.dll
0x00007ff910a90000 - 0x00007ff910b9b000 	C:\WINDOWS\System32\gdi32full.dll
0x00007ff8ee9e0000 - 0x00007ff8ee9eb000 	C:\ProgramData\Anaconda3\envs\kogpt\DLLs\libffi-8.dll
0x00007ff910860000 - 0x00007ff9108fd000 	C:\WINDOWS\System32\msvcp_win.dll
0x00007ff911580000 - 0x00007ff911721000 	C:\WINDOWS\System32\USER32.dll
0x00007ff912810000 - 0x00007ff9128dd000 	C:\WINDOWS\System32\OLEAUT32.dll
0x00007ff910ba0000 - 0x00007ff910bd0000 	C:\WINDOWS\System32\IMM32.DLL
0x0000000062a80000 - 0x0000000064833000 	C:\Users\bitcamp\AppData\Roaming\Python\Python38\site-packages\numpy\.libs\libopenblas.XWYDX2IKJW2NMTWSFYNGFUWKQU3LYTCZ.gfortran-win_amd64.dll
0x00007ff886da0000 - 0x00007ff887095000 	C:\Users\bitcamp\AppData\Roaming\Python\Python38\site-packages\numpy\core\_multiarray_umath.cp38-win_amd64.pyd
0x00007ff8e9730000 - 0x00007ff8e9750000 	C:\Users\bitcamp\AppData\Roaming\Python\Python38\site-packages\numpy\core\_multiarray_tests.cp38-win_amd64.pyd
0x00007ff8e88b0000 - 0x00007ff8e88c7000 	C:\ProgramData\Anaconda3\envs\kogpt\DLLs\_socket.pyd
0x00007ff90f680000 - 0x00007ff90f6bb000 	C:\WINDOWS\SYSTEM32\IPHLPAPI.DLL
0x00007ff8ec560000 - 0x00007ff8ec569000 	C:\ProgramData\Anaconda3\envs\kogpt\DLLs\select.pyd
0x00007ff8ec200000 - 0x00007ff8ec209000 	C:\Users\bitcamp\AppData\Roaming\Python\Python38\site-packages\numpy\linalg\lapack_lite.cp38-win_amd64.pyd
0x00007ff8e8030000 - 0x00007ff8e805a000 	C:\Users\bitcamp\AppData\Roaming\Python\Python38\site-packages\numpy\linalg\_umath_linalg.cp38-win_amd64.pyd
0x00007ff8e6430000 - 0x00007ff8e6450000 	C:\Users\bitcamp\AppData\Roaming\Python\Python38\site-packages\numpy\fft\_pocketfft_internal.cp38-win_amd64.pyd
0x00007ff8aff60000 - 0x00007ff8afff4000 	C:\Users\bitcamp\AppData\Roaming\Python\Python38\site-packages\numpy\random\mtrand.cp38-win_amd64.pyd
0x00007ff8b1400000 - 0x00007ff8b1429000 	C:\Users\bitcamp\AppData\Roaming\Python\Python38\site-packages\numpy\random\bit_generator.cp38-win_amd64.pyd
0x00007ff8b0350000 - 0x00007ff8b0382000 	C:\Users\bitcamp\AppData\Roaming\Python\Python38\site-packages\numpy\random\_common.cp38-win_amd64.pyd
0x00007ff8e8420000 - 0x00007ff8e842c000 	C:\ProgramData\Anaconda3\envs\kogpt\DLLs\_hashlib.pyd
0x00007ff886a50000 - 0x00007ff886d9c000 	C:\ProgramData\Anaconda3\envs\kogpt\Library\bin\libcrypto-1_1-x64.dll
0x00007ff8afda0000 - 0x00007ff8afde2000 	C:\Users\bitcamp\AppData\Roaming\Python\Python38\site-packages\numpy\random\_bounded_integers.cp38-win_amd64.pyd
0x00007ff8d83d0000 - 0x00007ff8d83e8000 	C:\Users\bitcamp\AppData\Roaming\Python\Python38\site-packages\numpy\random\_mt19937.cp38-win_amd64.pyd
0x00007ff8bd3a0000 - 0x00007ff8bd3b7000 	C:\Users\bitcamp\AppData\Roaming\Python\Python38\site-packages\numpy\random\_philox.cp38-win_amd64.pyd
0x00007ff8b06b0000 - 0x00007ff8b06c9000 	C:\Users\bitcamp\AppData\Roaming\Python\Python38\site-packages\numpy\random\_pcg64.cp38-win_amd64.pyd
0x00007ff8b0500000 - 0x00007ff8b0512000 	C:\Users\bitcamp\AppData\Roaming\Python\Python38\site-packages\numpy\random\_sfc64.cp38-win_amd64.pyd
0x00007ff8a2be0000 - 0x00007ff8a2c8e000 	C:\Users\bitcamp\AppData\Roaming\Python\Python38\site-packages\numpy\random\_generator.cp38-win_amd64.pyd
0x00007ff8e8020000 - 0x00007ff8e8027000 	C:\ProgramData\Anaconda3\envs\kogpt\lib\site-packages\matplotlib\_c_internal_utils.cp38-win_amd64.pyd
0x00007ff911b10000 - 0x00007ff91224f000 	C:\WINDOWS\System32\SHELL32.dll
0x00007ff8af7b0000 - 0x00007ff8af7e5000 	C:\ProgramData\Anaconda3\envs\kogpt\DLLs\pyexpat.pyd
0x00007ff8aedc0000 - 0x00007ff8aedf9000 	C:\ProgramData\Anaconda3\envs\kogpt\DLLs\_elementtree.pyd
0x00007ff8a24e0000 - 0x00007ff8a2589000 	C:\ProgramData\Anaconda3\envs\kogpt\lib\site-packages\PIL\_imaging.cp38-win_amd64.pyd
0x00007ff8af640000 - 0x00007ff8af659000 	C:\ProgramData\Anaconda3\envs\kogpt\zlib.dll
0x00007ff89b590000 - 0x00007ff89b632000 	C:\ProgramData\Anaconda3\envs\kogpt\Library\bin\tiff.dll
0x00007ff8ae870000 - 0x00007ff8ae89a000 	C:\ProgramData\Anaconda3\envs\kogpt\Library\bin\liblzma.dll
0x00007ff89b510000 - 0x00007ff89b58c000 	C:\ProgramData\Anaconda3\envs\kogpt\Library\bin\zstd.dll
0x00007ff8addb0000 - 0x00007ff8addd9000 	C:\ProgramData\Anaconda3\envs\kogpt\lib\site-packages\matplotlib\_path.cp38-win_amd64.pyd
0x00007ff8f9650000 - 0x00007ff8f96de000 	C:\WINDOWS\SYSTEM32\MSVCP140.dll
0x00007ff8ff190000 - 0x00007ff8ff19c000 	C:\WINDOWS\SYSTEM32\VCRUNTIME140_1.dll
0x00007ff8aeda0000 - 0x00007ff8aedc0000 	C:\ProgramData\Anaconda3\envs\kogpt\lib\site-packages\matplotlib\ft2font.cp38-win_amd64.pyd
0x00007ff89b470000 - 0x00007ff89b50f000 	C:\ProgramData\Anaconda3\envs\kogpt\Library\bin\freetype.dll
0x00007ff8a9ed0000 - 0x00007ff8a9f04000 	C:\ProgramData\Anaconda3\envs\kogpt\Library\bin\libpng16.dll
0x00007ff8a94f0000 - 0x00007ff8a9513000 	C:\ProgramData\Anaconda3\envs\kogpt\lib\site-packages\kiwisolver.cp38-win_amd64.pyd
0x00007ff8a4b30000 - 0x00007ff8a4b7b000 	C:\ProgramData\Anaconda3\envs\kogpt\DLLs\_decimal.pyd
0x00007ff8a5160000 - 0x00007ff8a518b000 	C:\ProgramData\Anaconda3\envs\kogpt\DLLs\_ssl.pyd
0x00007ff910270000 - 0x00007ff9103c6000 	C:\WINDOWS\System32\CRYPT32.dll
0x00007ff89a780000 - 0x00007ff89a82c000 	C:\ProgramData\Anaconda3\envs\kogpt\Library\bin\libssl-1_1-x64.dll
0x00007ff882a60000 - 0x00007ff882b1d000 	C:\ProgramData\Anaconda3\envs\kogpt\lib\site-packages\_jpype.cp38-win_amd64.pyd
0x00007ff8e62b0000 - 0x00007ff8e62b9000 	C:\ProgramData\Anaconda3\envs\kogpt\DLLs\_queue.pyd
0x00007ff90f9c0000 - 0x00007ff90fa2a000 	C:\WINDOWS\system32\mswsock.dll
0x00007ff898920000 - 0x00007ff898a2f000 	C:\ProgramData\Anaconda3\envs\kogpt\DLLs\unicodedata.pyd
0x00007ff8823f0000 - 0x00007ff8827cc000 	C:\ProgramData\Anaconda3\envs\kogpt\lib\site-packages\lxml\etree.cp38-win_amd64.pyd
0x00007ff8aec30000 - 0x00007ff8aec5c000 	C:\ProgramData\Anaconda3\envs\kogpt\lib\site-packages\lxml\_elementpath.cp38-win_amd64.pyd
0x00007ff8add90000 - 0x00007ff8adda3000 	C:\ProgramData\Anaconda3\envs\kogpt\DLLs\_asyncio.pyd
0x00007ff8e5b90000 - 0x00007ff8e5b9e000 	C:\ProgramData\Anaconda3\envs\kogpt\DLLs\_overlapped.pyd
0x00007ff886860000 - 0x00007ff886a49000 	C:\ProgramData\Anaconda3\envs\kogpt\lib\site-packages\cryptography\hazmat\bindings\_rust.pyd
0x00007ff8e55b0000 - 0x00007ff8e55b8000 	C:\ProgramData\Anaconda3\envs\kogpt\lib\site-packages\markupsafe\_speedups.cp38-win_amd64.pyd
0x00007ff886580000 - 0x00007ff886860000 	C:\ProgramData\Anaconda3\envs\kogpt\lib\site-packages\cryptography\hazmat\bindings\_openssl.pyd
0x00007ff8a3910000 - 0x00007ff8a3944000 	C:\ProgramData\Anaconda3\envs\kogpt\lib\site-packages\_cffi_backend.cp38-win_amd64.pyd
0x00007ff886470000 - 0x00007ff886573000 	C:\ProgramData\Anaconda3\envs\kogpt\lib\site-packages\pandas\_libs\interval.cp38-win_amd64.pyd
0x00007ff886330000 - 0x00007ff886463000 	C:\ProgramData\Anaconda3\envs\kogpt\lib\site-packages\pandas\_libs\hashtable.cp38-win_amd64.pyd
0x00007ff8a2bb0000 - 0x00007ff8a2bdd000 	C:\ProgramData\Anaconda3\envs\kogpt\lib\site-packages\pandas\_libs\missing.cp38-win_amd64.pyd
0x00007ff8a4b10000 - 0x00007ff8a4b2e000 	C:\ProgramData\Anaconda3\envs\kogpt\lib\site-packages\pandas\_libs\tslibs\dtypes.cp38-win_amd64.pyd
0x00007ff8a2b70000 - 0x00007ff8a2bac000 	C:\ProgramData\Anaconda3\envs\kogpt\lib\site-packages\pandas\_libs\tslibs\conversion.cp38-win_amd64.pyd
0x00007ff8e4470000 - 0x00007ff8e447f000 	C:\ProgramData\Anaconda3\envs\kogpt\lib\site-packages\pandas\_libs\tslibs\base.cp38-win_amd64.pyd
0x00007ff8a24a0000 - 0x00007ff8a24d4000 	C:\ProgramData\Anaconda3\envs\kogpt\lib\site-packages\pandas\_libs\tslibs\nattype.cp38-win_amd64.pyd
0x00007ff8db3b0000 - 0x00007ff8db3bf000 	C:\ProgramData\Anaconda3\envs\kogpt\lib\site-packages\pandas\_libs\tslibs\np_datetime.cp38-win_amd64.pyd
0x00007ff89b430000 - 0x00007ff89b465000 	C:\ProgramData\Anaconda3\envs\kogpt\lib\site-packages\pandas\_libs\tslibs\timezones.cp38-win_amd64.pyd
0x000001acea650000 - 0x000001acea653000 	C:\WINDOWS\SYSTEM32\tzres.dll
0x00007ff89b3f0000 - 0x00007ff89b42c000 	C:\ProgramData\Anaconda3\envs\kogpt\lib\site-packages\pandas\_libs\tslibs\tzconversion.cp38-win_amd64.pyd
0x00007ff8a4300000 - 0x00007ff8a4312000 	C:\ProgramData\Anaconda3\envs\kogpt\lib\site-packages\pandas\_libs\tslibs\ccalendar.cp38-win_amd64.pyd
0x00007ff898400000 - 0x00007ff898453000 	C:\ProgramData\Anaconda3\envs\kogpt\lib\site-packages\pandas\_libs\tslibs\parsing.cp38-win_amd64.pyd
0x00007ff886260000 - 0x00007ff886328000 	C:\ProgramData\Anaconda3\envs\kogpt\lib\site-packages\pandas\_libs\tslibs\offsets.cp38-win_amd64.pyd
0x00007ff8861f0000 - 0x00007ff886251000 	C:\ProgramData\Anaconda3\envs\kogpt\lib\site-packages\pandas\_libs\tslibs\timedeltas.cp38-win_amd64.pyd
0x00007ff89a740000 - 0x00007ff89a780000 	C:\ProgramData\Anaconda3\envs\kogpt\lib\site-packages\pandas\_libs\tslibs\fields.cp38-win_amd64.pyd
0x00007ff892240000 - 0x00007ff89228f000 	C:\ProgramData\Anaconda3\envs\kogpt\lib\site-packages\pandas\_libs\tslibs\strptime.cp38-win_amd64.pyd
0x00007ff886180000 - 0x00007ff8861e8000 	C:\ProgramData\Anaconda3\envs\kogpt\lib\site-packages\pandas\_libs\tslibs\timestamps.cp38-win_amd64.pyd
0x00007ff8a2480000 - 0x00007ff8a2493000 	C:\ProgramData\Anaconda3\envs\kogpt\lib\site-packages\pandas\_libs\properties.cp38-win_amd64.pyd
0x00007ff886120000 - 0x00007ff88617a000 	C:\ProgramData\Anaconda3\envs\kogpt\lib\site-packages\pandas\_libs\tslibs\period.cp38-win_amd64.pyd
0x00007ff8860e0000 - 0x00007ff886114000 	C:\ProgramData\Anaconda3\envs\kogpt\lib\site-packages\pandas\_libs\tslibs\vectorized.cp38-win_amd64.pyd
0x00007ff898900000 - 0x00007ff898912000 	C:\ProgramData\Anaconda3\envs\kogpt\lib\site-packages\pandas\_libs\ops_dispatch.cp38-win_amd64.pyd
0x00007ff885f90000 - 0x00007ff8860d4000 	C:\ProgramData\Anaconda3\envs\kogpt\lib\site-packages\pandas\_libs\algos.cp38-win_amd64.pyd
0x00007ff885f10000 - 0x00007ff885f89000 	C:\ProgramData\Anaconda3\envs\kogpt\lib\site-packages\pandas\_libs\lib.cp38-win_amd64.pyd
0x00007ff885ee0000 - 0x00007ff885f06000 	C:\ProgramData\Anaconda3\envs\kogpt\lib\site-packages\pandas\_libs\tslib.cp38-win_amd64.pyd
0x00007ff885eb0000 - 0x00007ff885edb000 	C:\ProgramData\Anaconda3\envs\kogpt\lib\site-packages\pandas\_libs\hashing.cp38-win_amd64.pyd
0x00007ff885c90000 - 0x00007ff885ea6000 	C:\ProgramData\Anaconda3\envs\kogpt\lib\site-packages\pyarrow\lib.cp38-win_amd64.pyd
0x00007ff8847a0000 - 0x00007ff885b94000 	C:\ProgramData\Anaconda3\envs\kogpt\lib\site-packages\pyarrow\arrow.dll
0x00007ff885ba0000 - 0x00007ff885c81000 	C:\ProgramData\Anaconda3\envs\kogpt\lib\site-packages\pyarrow\arrow_python.dll
0x00007ff905b30000 - 0x00007ff906008000 	C:\WINDOWS\SYSTEM32\WININET.dll
0x00007ff908f40000 - 0x00007ff90904c000 	C:\WINDOWS\SYSTEM32\WINHTTP.dll
0x00007ff910170000 - 0x00007ff91019e000 	C:\WINDOWS\SYSTEM32\USERENV.dll
0x00007ff884770000 - 0x00007ff884795000 	C:\ProgramData\Anaconda3\envs\kogpt\lib\site-packages\pyarrow\_hdfsio.cp38-win_amd64.pyd
0x00007ff884730000 - 0x00007ff884763000 	C:\ProgramData\Anaconda3\envs\kogpt\lib\site-packages\pandas\_libs\ops.cp38-win_amd64.pyd
0x00007ff884700000 - 0x00007ff884727000 	C:\ProgramData\Anaconda3\envs\kogpt\lib\site-packages\numexpr\interpreter.cp38-win_amd64.pyd
0x00007ff883360000 - 0x00007ff8846f9000 	C:\ProgramData\Anaconda3\envs\kogpt\Library\bin\mkl_rt.1.dll
0x00007ff90e150000 - 0x00007ff90e162000 	C:\WINDOWS\SYSTEM32\kernel.appcore.dll
0x00007ff8983e0000 - 0x00007ff8983f9000 	C:\ProgramData\Anaconda3\envs\kogpt\lib\site-packages\bottleneck\reduce.cp38-win_amd64.pyd
0x00007ff8d8340000 - 0x00007ff8d834a000 	C:\ProgramData\Anaconda3\envs\kogpt\lib\site-packages\bottleneck\nonreduce.cp38-win_amd64.pyd
0x00007ff8d82b0000 - 0x00007ff8d82bf000 	C:\ProgramData\Anaconda3\envs\kogpt\lib\site-packages\bottleneck\nonreduce_axis.cp38-win_amd64.pyd
0x00007ff883340000 - 0x00007ff883359000 	C:\ProgramData\Anaconda3\envs\kogpt\lib\site-packages\bottleneck\move.cp38-win_amd64.pyd
0x00007ff883320000 - 0x00007ff883338000 	C:\ProgramData\Anaconda3\envs\kogpt\lib\site-packages\pandas\_libs\arrays.cp38-win_amd64.pyd
0x00007ff8832a0000 - 0x00007ff883315000 	C:\ProgramData\Anaconda3\envs\kogpt\lib\site-packages\pandas\_libs\index.cp38-win_amd64.pyd

dbghelp: loaded successfully - version: 4.0.5 - missing functions: none
symbol engine: initialized successfully - sym options: 0x614 - pdb path: .;C:\ProgramData\Anaconda3\envs\kogpt;C:\WINDOWS\SYSTEM32;C:\ProgramData\Anaconda3\envs\kogpt\DLLs;C:\Users\bitcamp\AppData\Roaming\Python\Python38\site-packages\numpy\.libs;C:\Users\bitcamp\AppData\Roaming\Python\Python38\site-packages\numpy\core;C:\Users\bitcamp\AppData\Roaming\Python\Python38\site-packages\numpy\linalg;C:\Users\bitcamp\AppData\Roaming\Python\Python38\site-packages\numpy\fft;C:\Users\bitcamp\AppData\Roaming\Python\Python38\site-packages\numpy\random;C:\ProgramData\Anaconda3\envs\kogpt\Library\bin;C:\ProgramData\Anaconda3\envs\kogpt\lib\site-packages\matplotlib;C:\ProgramData\Anaconda3\envs\kogpt\lib\site-packages\PIL;C:\ProgramData\Anaconda3\envs\kogpt\lib\site-packages;C:\ProgramData\Anaconda3\envs\kogpt\lib\site-packages\lxml;C:\ProgramData\Anaconda3\envs\kogpt\lib\site-packages\cryptography\hazmat\bindings;C:\ProgramData\Anaconda3\envs\kogpt\lib\site-packages\markupsafe;C:\ProgramData\Anaconda3\envs\kogpt\lib\site-packages\pandas\_libs;C:\ProgramData\Anaconda3\envs\kogpt\lib\site-packages\pandas\_libs\tslibs;C:\ProgramData\Anaconda3\envs\kogpt\lib\site-packages\pyarrow;C:\ProgramData\Anaconda3\envs\kogpt\lib\site-packages\numexpr;C:\ProgramData\Anaconda3\envs\kogpt\lib\site-packages\bottleneck;C:\ProgramData\Anaconda3\envs\kogpt\lib\site-packages\pandas\_libs\window;C:\ProgramData\Anaconda3\envs\kogpt\lib\site-packages\MySQLdb;C:\ProgramData\Anaconda3\envs\kogpt\lib\site-packages\tokenizers;C:\ProgramData\Anaconda3\envs\kogpt\lib\site-packages\torch\lib;C:\ProgramData\Anaconda3\envs\kogpt\lib\site-packages\torch;C:\Users\bitcamp\AppData\Roaming\Python\Python38\site-packages\tensorflow\python;C:\Users\bitcamp\AppData\Roaming\Python\Python38\site-packages\google\protobuf\internal;C:\Users\bitcamp\AppData\Roaming\Python\Python38\site-packages\google\protobuf\pyext;C:\Users\bitcamp\AppData\Roaming\Python\Python38\site-packages\wrapt;C:\Users\bitcamp\AppData\Roaming\Python\Python38\site-packages\tensorflow\python\profiler\internal;C:\Users\bitcamp\AppData\Roaming\Python\Python38\site-packages\h5py;C:\Users\bitcamp\AppData\Roaming\Python\Python38\site-packages\yaml;C:\Users\bitcamp\AppData\Roaming\Python\Python38\site-packages\scipy\.libs;C:\Users\bitcamp\AppData\Roaming\Python\Python38\site-packages\scipy\_lib;C:\Users\bitcamp\AppData\Roaming\Python\Python38\site-packages\scipy\_lib\_uarray;C:\Users\bitcamp\AppData\Roaming\Python\Python38\site-packages\scipy\fft\_pocketfft;C:\Users\bitcamp\AppData\Roaming\Python\Python38\site-packages\scipy\sparse;C:\Users\bitcamp\AppData\Roaming\Python\Python38\site-packages\scipy\sparse\csgraph;C:\Users\bitcamp\AppData\Roaming\Python\Python38\site-packages\tensorflow\lite\experimental\microfrontend\python\ops;C:\Users\bitcamp\AppData\Roaming\Python\Python38\site-packages\scipy\ndimage;C:\Users\bitcamp\AppData\Roaming\Python\Python38\site-packages\scipy\linalg;C:\Program Files\ojdkbuild\java-11-openjdk-11.0.12-1\bin\server;C:\Program Files\ojdkbuild\java-11-openjdk-11.0.12-1\bin

VM Arguments:
jvm_args: -Dfile.encoding=UTF8 -ea -Xmx1024m 
java_command: <unknown>
java_class_path (initial): C:\ProgramData\Anaconda3\envs\kogpt\Lib\site-packages\konlpy\java;C:\ProgramData\Anaconda3\envs\kogpt\Lib\site-packages\konlpy\java\bin;C:\ProgramData\Anaconda3\envs\kogpt\Lib\site-packages\konlpy\java\*;C:\ProgramData\Anaconda3\envs\kogpt\Lib\site-packages\konlpy\java\jhannanum-0.8.4.jar;C:\ProgramData\Anaconda3\envs\kogpt\Lib\site-packages\konlpy\java\kkma-2.0.jar;C:\ProgramData\Anaconda3\envs\kogpt\Lib\site-packages\konlpy\java\aho-corasick.jar;C:\ProgramData\Anaconda3\envs\kogpt\Lib\site-packages\konlpy\java\shineware-common-1.0.jar;C:\ProgramData\Anaconda3\envs\kogpt\Lib\site-packages\konlpy\java\shineware-ds-1.0.jar;C:\ProgramData\Anaconda3\envs\kogpt\Lib\site-packages\konlpy\java\komoran-3.0.jar;C:\ProgramData\Anaconda3\envs\kogpt\Lib\site-packages\konlpy\java\snakeyaml-1.12.jar;C:\ProgramData\Anaconda3\envs\kogpt\Lib\site-packages\konlpy\java\scala-library-2.12.3.jar;C:\ProgramData\Anaconda3\envs\kogpt\Lib\site-packages\konlpy\java\open-korean-text-2.1.0.jar;C:\ProgramData\Anaconda3\envs\kogpt\Lib\site-packages\konlpy\java\twitter-text-1.14.7.jar;C:\ProgramData\Anaconda3\envs\kogpt\Lib\site-packages\konlpy\java\*
Launcher Type: generic

[Global flags]
     intx CICompilerCount                          = 4                                         {product} {ergonomic}
     uint ConcGCThreads                            = 3                                         {product} {ergonomic}
     uint G1ConcRefinementThreads                  = 10                                        {product} {ergonomic}
   size_t G1HeapRegionSize                         = 1048576                                   {product} {ergonomic}
    uintx GCDrainStackTargetSize                   = 64                                        {product} {ergonomic}
   size_t InitialHeapSize                          = 534773760                                 {product} {ergonomic}
   size_t MarkStackSize                            = 4194304                                   {product} {ergonomic}
   size_t MaxHeapSize                              = 1073741824                                {product} {command line}
   size_t MaxNewSize                               = 643825664                                 {product} {ergonomic}
   size_t MinHeapDeltaBytes                        = 1048576                                   {product} {ergonomic}
    uintx NonNMethodCodeHeapSize                   = 5836300                                {pd product} {ergonomic}
    uintx NonProfiledCodeHeapSize                  = 122910970                              {pd product} {ergonomic}
    uintx ProfiledCodeHeapSize                     = 122910970                              {pd product} {ergonomic}
    uintx ReservedCodeCacheSize                    = 251658240                              {pd product} {ergonomic}
     bool SegmentedCodeCache                       = true                                      {product} {ergonomic}
     bool UseCompressedClassPointers               = true                                 {lp64_product} {ergonomic}
     bool UseCompressedOops                        = true                                 {lp64_product} {ergonomic}
     bool UseG1GC                                  = true                                      {product} {ergonomic}
     bool UseLargePagesIndividualAllocation        = false                                  {pd product} {ergonomic}

Logging:
Log output configuration:
 #0: stdout all=warning uptime,level,tags
 #1: stderr all=off uptime,level,tags

Environment Variables:
JAVA_HOME=C:\Program Files\ojdkbuild\java-11-openjdk-11.0.12-1
PATH=C:\ProgramData\Anaconda3\envs\kogpt;C:\ProgramData\Anaconda3\envs\kogpt\Library\mingw-w64\bin;C:\ProgramData\Anaconda3\envs\kogpt\Library\usr\bin;C:\ProgramData\Anaconda3\envs\kogpt\Library\bin;C:\ProgramData\Anaconda3\envs\kogpt\Scripts;C:\ProgramData\Anaconda3\envs\kogpt\bin;C:\ProgramData\Anaconda3\condabin;C:\Program Files\NVIDIA GPU Computing Toolkit\CUDA\v11.5\bin;C:\Program Files\NVIDIA GPU Computing Toolkit\CUDA\v11.5\libnvvp;C:\WINDOWS\system32;C:\WINDOWS;C:\WINDOWS\System32\Wbem;C:\WINDOWS\System32\WindowsPowerShell\v1.0;C:\WINDOWS\System32\OpenSSH;C:\Program Files (x86)\NVIDIA Corporation\PhysX\Common;C:\Program Files\NVIDIA Corporation\NVIDIA NvDLISR;C:\ProgramData\Anaconda3;C:\ProgramData\Anaconda3\Scripts;C:\ProgramData\Anaconda3\Library\bin;C:\ProgramData\Anaconda3\Library\mingw-w64\bin;C:\Program Files\Git\cmd;C:\Program Files\nodejs;C:\Program Files\nodejs;C:\Program Files\NVIDIA Corporation\Nsight Compute 2021.3.0;C:\Program Files\ojdkbuild\java-11-openjdk-11.0.12-1\bin;C:\Users\bitcamp\AppData\Local\Programs\Microsoft VS Code\bin;C:\Program Files\mingw-w64\x86_64-8.1.0-posix-seh-rt_v6-rev0\mingw64\bin;C:\Program Files (x86)\Microsoft Visual Studio\2019\Community\VC\Tools\MSVC\14.29.30133\bin\Hostx64\x64;C:\Program Files (x86)\Microsoft Visual Studio\2019\Community\VC\Auxiliary\Build\vcvars64.bat;C:\Program Files (x86)\Google\Cloud SDK\google-cloud-sdk\bin;C:\Program Files\Docker\Docker\resources\bin;C:\ProgramData\DockerDesktop\version-bin;C:\Users\bitcamp\AppData\Local\Microsoft\WindowsApps;.;C:\Program Files\JetBrains\PyCharm 2021.2.3\bin;.;C:\Users\bitcamp\AppData\Roaming\npm;C:\Users\bitcamp\AppData\Local\Programs\Microsoft VS Code\bin;C:\Users\bitcamp\AppData\Roaming\Python\Python38\site-packages\scipy\.libs
USERNAME=bitcamp
OS=Windows_NT
PROCESSOR_IDENTIFIER=Intel64 Family 6 Model 158 Stepping 10, GenuineIntel



---------------  S Y S T E M  ---------------

OS: Windows 10 , 64 bit Build 19041 (10.0.19041.1348)
OS uptime: 2 days 2:32 hours
Hyper-V role detected

CPU:total 12 (initial active 12) (6 cores per cpu, 2 threads per core) family 6 model 158 stepping 10 microcode 0xb4, cmov, cx8, fxsr, mmx, sse, sse2, sse3, ssse3, sse4.1, sse4.2, popcnt, avx, avx2, aes, clmul, erms, rtm, 3dnowpref, lzcnt, ht, tsc, tscinvbit, bmi1, bmi2, adx, fma

Memory: 4k page, system-wide physical 32541M (459M free)
TotalPageFile size 50715M (AvailPageFile size 25M)
current process WorkingSet (physical memory assigned to process): 795M, peak: 795M
current process commit charge ("private bytes"): 6116M, peak: 6296M

vm_info: OpenJDK 64-Bit Server VM (11.0.12+7-LTS) for windows-amd64 JRE (11.0.12+7-LTS), built on Jul 24 2021 13:53:49 by "" with unknown MS VC++:1916

END.
